[train INFO] ============================================================
[train INFO] Starting training
[train INFO] ============================================================
[train INFO] Config: {'train_batch_size': 64, 'val_batch_size': 64, 'num_epochs': 40, 'train_pct': 0.8, 'base_lr': 0.001, 'momentum': 0.9, 'weight_decay': 0.0005, 'decay_rate': 0.95, 'drop_rate': 0.0, 'metric_thresh': 0.002, 'eval_frequency': 1, 'save_frequency': 1, 'log_frequency': 1600, 'num_random_files': 10000, 'seed': 24098, 'alpha': [0.5, 0.5], 'loss': 'CE'}
[train INFO]   [epoch 1 step 1600] loss=0.2891 batch_acc=0.891  lr=0.001000
[train INFO]   [epoch 1 step 3200] loss=0.2785 batch_acc=0.859  lr=0.001000
[train INFO]   [epoch 1 step 4800] loss=0.2338 batch_acc=0.875  lr=0.001000
[train INFO]   [epoch 1 step 6400] loss=0.2472 batch_acc=0.859  lr=0.001000
[train INFO] Epoch 1/40  train_loss=0.3635  train_error=0.1407  time=117.9s
[train INFO]   >> val_loss=0.4550  val_error=0.1850
[train INFO]   >> New best model saved (val_error=0.1850)
[train INFO]   Checkpoint saved: ./output/04-13_17-12_grasp_dataset_0410_CE_th0.002_a0.5_0.5/epoch_001.pt
[train INFO]   [epoch 2 step 8000] loss=0.4941 batch_acc=0.844  lr=0.000950
[train INFO]   [epoch 2 step 9600] loss=0.3366 batch_acc=0.812  lr=0.000950
[train INFO]   [epoch 2 step 11200] loss=0.3663 batch_acc=0.891  lr=0.000950
[train INFO]   [epoch 2 step 12800] loss=0.1556 batch_acc=0.922  lr=0.000950
[train INFO] Epoch 2/40  train_loss=0.2624  train_error=0.1015  time=123.0s
[train INFO]   >> val_loss=0.2123  val_error=0.0913
[train INFO]   >> New best model saved (val_error=0.0913)
[train INFO]   Checkpoint saved: ./output/04-13_17-12_grasp_dataset_0410_CE_th0.002_a0.5_0.5/epoch_002.pt
[train INFO]   [epoch 3 step 14400] loss=0.2235 batch_acc=0.891  lr=0.000902
[train INFO]   [epoch 3 step 16000] loss=0.2727 batch_acc=0.875  lr=0.000902
[train INFO]   [epoch 3 step 17600] loss=0.1510 batch_acc=0.938  lr=0.000902
[train INFO]   [epoch 3 step 19200] loss=0.3167 batch_acc=0.844  lr=0.000902
[train INFO] Epoch 3/40  train_loss=0.2272  train_error=0.0892  time=124.0s
[train INFO]   >> val_loss=0.2061  val_error=0.0870
[train INFO]   >> New best model saved (val_error=0.0870)
[train INFO]   Checkpoint saved: ./output/04-13_17-12_grasp_dataset_0410_CE_th0.002_a0.5_0.5/epoch_003.pt
[train INFO]   [epoch 4 step 20800] loss=0.1781 batch_acc=0.906  lr=0.000857
[train INFO]   [epoch 4 step 22400] loss=0.2020 batch_acc=0.906  lr=0.000857
[train INFO]   [epoch 4 step 24000] loss=0.2131 batch_acc=0.906  lr=0.000857
[train INFO]   [epoch 4 step 25600] loss=0.1236 batch_acc=0.953  lr=0.000857
[train INFO] Epoch 4/40  train_loss=0.2037  train_error=0.0800  time=122.3s
[train INFO]   >> val_loss=0.2440  val_error=0.1013
[train INFO]   Checkpoint saved: ./output/04-13_17-12_grasp_dataset_0410_CE_th0.002_a0.5_0.5/epoch_004.pt
[train INFO]   [epoch 5 step 27200] loss=0.3505 batch_acc=0.828  lr=0.000815
[train INFO]   [epoch 5 step 28800] loss=0.1162 batch_acc=0.969  lr=0.000815
[train INFO]   [epoch 5 step 30400] loss=0.1737 batch_acc=0.938  lr=0.000815
[train INFO]   [epoch 5 step 32000] loss=0.1097 batch_acc=0.969  lr=0.000815
[train INFO] Epoch 5/40  train_loss=0.1858  train_error=0.0738  time=124.8s
[train INFO]   >> val_loss=0.2306  val_error=0.0942
[train INFO]   Checkpoint saved: ./output/04-13_17-12_grasp_dataset_0410_CE_th0.002_a0.5_0.5/epoch_005.pt
[train INFO]   [epoch 6 step 33600] loss=0.2139 batch_acc=0.906  lr=0.000774
[train INFO]   [epoch 6 step 35200] loss=0.1718 batch_acc=0.969  lr=0.000774
[train INFO]   [epoch 6 step 36800] loss=0.1843 batch_acc=0.891  lr=0.000774
[train INFO]   [epoch 6 step 38400] loss=0.1271 batch_acc=0.938  lr=0.000774
[train INFO] Epoch 6/40  train_loss=0.1709  train_error=0.0671  time=122.1s
[train INFO]   >> val_loss=0.2426  val_error=0.0987
[train INFO]   Checkpoint saved: ./output/04-13_17-12_grasp_dataset_0410_CE_th0.002_a0.5_0.5/epoch_006.pt
[train INFO]   [epoch 7 step 40000] loss=0.2447 batch_acc=0.953  lr=0.000735
[train INFO]   [epoch 7 step 41600] loss=0.1679 batch_acc=0.922  lr=0.000735
[train INFO]   [epoch 7 step 43200] loss=0.2648 batch_acc=0.938  lr=0.000735
[train INFO]   [epoch 7 step 44800] loss=0.1043 batch_acc=0.984  lr=0.000735
[train INFO] Epoch 7/40  train_loss=0.1595  train_error=0.0625  time=123.7s
[train INFO]   >> val_loss=0.1582  val_error=0.0649
[train INFO]   >> New best model saved (val_error=0.0649)
[train INFO]   Checkpoint saved: ./output/04-13_17-12_grasp_dataset_0410_CE_th0.002_a0.5_0.5/epoch_007.pt
[train INFO]   [epoch 8 step 46400] loss=0.1558 batch_acc=0.922  lr=0.000698
[train INFO]   [epoch 8 step 48000] loss=0.1480 batch_acc=0.906  lr=0.000698
[train INFO]   [epoch 8 step 49600] loss=0.2433 batch_acc=0.953  lr=0.000698
[train INFO]   [epoch 8 step 51200] loss=0.1027 batch_acc=0.969  lr=0.000698
[train INFO] Epoch 8/40  train_loss=0.1509  train_error=0.0593  time=120.1s
[train INFO]   >> val_loss=0.1299  val_error=0.0534
[train INFO]   >> New best model saved (val_error=0.0534)
[train INFO]   Checkpoint saved: ./output/04-13_17-12_grasp_dataset_0410_CE_th0.002_a0.5_0.5/epoch_008.pt
[train INFO]   [epoch 9 step 52800] loss=0.1915 batch_acc=0.891  lr=0.000663
[train INFO]   [epoch 9 step 54400] loss=0.1144 batch_acc=0.953  lr=0.000663
[train INFO]   [epoch 9 step 56000] loss=0.1570 batch_acc=0.953  lr=0.000663
[train INFO]   [epoch 9 step 57600] loss=0.1563 batch_acc=0.969  lr=0.000663
[train INFO]   [epoch 9 step 59200] loss=0.1567 batch_acc=0.922  lr=0.000663
[train INFO] Epoch 9/40  train_loss=0.1435  train_error=0.0561  time=124.2s
[train INFO]   >> val_loss=0.1847  val_error=0.0761
[train INFO]   Checkpoint saved: ./output/04-13_17-12_grasp_dataset_0410_CE_th0.002_a0.5_0.5/epoch_009.pt
[train INFO]   [epoch 10 step 60800] loss=0.1570 batch_acc=0.938  lr=0.000630
[train INFO]   [epoch 10 step 62400] loss=0.1356 batch_acc=0.938  lr=0.000630
[train INFO]   [epoch 10 step 64000] loss=0.1699 batch_acc=0.906  lr=0.000630
[train INFO]   [epoch 10 step 65600] loss=0.1862 batch_acc=0.875  lr=0.000630
[train INFO] Epoch 10/40  train_loss=0.1325  train_error=0.0519  time=122.4s
[train INFO]   >> val_loss=0.1285  val_error=0.0518
[train INFO]   >> New best model saved (val_error=0.0518)
[train INFO]   Checkpoint saved: ./output/04-13_17-12_grasp_dataset_0410_CE_th0.002_a0.5_0.5/epoch_010.pt
[train INFO]   [epoch 11 step 67200] loss=0.0762 batch_acc=0.969  lr=0.000599
[train INFO]   [epoch 11 step 68800] loss=0.1133 batch_acc=0.984  lr=0.000599
[train INFO]   [epoch 11 step 70400] loss=0.1387 batch_acc=0.938  lr=0.000599
[train INFO]   [epoch 11 step 72000] loss=0.1309 batch_acc=0.969  lr=0.000599
[train INFO] Epoch 11/40  train_loss=0.1267  train_error=0.0494  time=119.7s
[train INFO]   >> val_loss=0.1404  val_error=0.0568
[train INFO]   Checkpoint saved: ./output/04-13_17-12_grasp_dataset_0410_CE_th0.002_a0.5_0.5/epoch_011.pt
[train INFO]   [epoch 12 step 73600] loss=0.1337 batch_acc=0.969  lr=0.000569
[train INFO]   [epoch 12 step 75200] loss=0.1395 batch_acc=0.938  lr=0.000569
[train INFO]   [epoch 12 step 76800] loss=0.1691 batch_acc=0.922  lr=0.000569
[train INFO]   [epoch 12 step 78400] loss=0.1429 batch_acc=0.906  lr=0.000569
[train INFO] Epoch 12/40  train_loss=0.1208  train_error=0.0473  time=120.2s
[train INFO]   >> val_loss=0.1828  val_error=0.0727
[train INFO]   Checkpoint saved: ./output/04-13_17-12_grasp_dataset_0410_CE_th0.002_a0.5_0.5/epoch_012.pt
[train INFO]   [epoch 13 step 80000] loss=0.1051 batch_acc=0.938  lr=0.000540
[train INFO]   [epoch 13 step 81600] loss=0.1141 batch_acc=0.953  lr=0.000540
[train INFO]   [epoch 13 step 83200] loss=0.1437 batch_acc=0.906  lr=0.000540
[train INFO]   [epoch 13 step 84800] loss=0.1478 batch_acc=0.969  lr=0.000540
[train INFO] Epoch 13/40  train_loss=0.1159  train_error=0.0452  time=119.7s
[train INFO]   >> val_loss=0.1372  val_error=0.0554
[train INFO]   Checkpoint saved: ./output/04-13_17-12_grasp_dataset_0410_CE_th0.002_a0.5_0.5/epoch_013.pt
[train INFO]   [epoch 14 step 86400] loss=0.1257 batch_acc=0.953  lr=0.000513
[train INFO]   [epoch 14 step 88000] loss=0.0914 batch_acc=0.953  lr=0.000513
[train INFO]   [epoch 14 step 89600] loss=0.0524 batch_acc=0.984  lr=0.000513
[train INFO]   [epoch 14 step 91200] loss=0.1130 batch_acc=0.953  lr=0.000513
[train INFO] Epoch 14/40  train_loss=0.1105  train_error=0.0435  time=119.9s
[train INFO]   >> val_loss=0.1096  val_error=0.0430
[train INFO]   >> New best model saved (val_error=0.0430)
[train INFO]   Checkpoint saved: ./output/04-13_17-12_grasp_dataset_0410_CE_th0.002_a0.5_0.5/epoch_014.pt
[train INFO]   [epoch 15 step 92800] loss=0.1376 batch_acc=0.984  lr=0.000488
[train INFO]   [epoch 15 step 94400] loss=0.0649 batch_acc=0.969  lr=0.000488
[train INFO]   [epoch 15 step 96000] loss=0.0668 batch_acc=0.984  lr=0.000488
[train INFO]   [epoch 15 step 97600] loss=0.0612 batch_acc=0.984  lr=0.000488
[train INFO] Epoch 15/40  train_loss=0.1058  train_error=0.0413  time=119.4s
[train INFO]   >> val_loss=0.1454  val_error=0.0575
[train INFO]   Checkpoint saved: ./output/04-13_17-12_grasp_dataset_0410_CE_th0.002_a0.5_0.5/epoch_015.pt
[train INFO]   [epoch 16 step 99200] loss=0.1122 batch_acc=0.938  lr=0.000463
[train INFO]   [epoch 16 step 100800] loss=0.0947 batch_acc=0.953  lr=0.000463
[train INFO]   [epoch 16 step 102400] loss=0.1087 batch_acc=0.938  lr=0.000463
[train INFO]   [epoch 16 step 104000] loss=0.0778 batch_acc=0.953  lr=0.000463
[train INFO] Epoch 16/40  train_loss=0.1010  train_error=0.0392  time=119.0s
[train INFO]   >> val_loss=0.0978  val_error=0.0383
[train INFO]   >> New best model saved (val_error=0.0383)
[train INFO]   Checkpoint saved: ./output/04-13_17-12_grasp_dataset_0410_CE_th0.002_a0.5_0.5/epoch_016.pt
[train INFO]   [epoch 17 step 105600] loss=0.0430 batch_acc=1.000  lr=0.000440
[train INFO]   [epoch 17 step 107200] loss=0.0691 batch_acc=1.000  lr=0.000440
[train INFO]   [epoch 17 step 108800] loss=0.0911 batch_acc=0.984  lr=0.000440
[train INFO]   [epoch 17 step 110400] loss=0.0727 batch_acc=0.984  lr=0.000440
[train INFO]   [epoch 17 step 112000] loss=0.0768 batch_acc=0.922  lr=0.000440
[train INFO] Epoch 17/40  train_loss=0.0967  train_error=0.0372  time=119.8s
[train INFO]   >> val_loss=0.1267  val_error=0.0512
[train INFO]   Checkpoint saved: ./output/04-13_17-12_grasp_dataset_0410_CE_th0.002_a0.5_0.5/epoch_017.pt
[train INFO]   [epoch 18 step 113600] loss=0.0979 batch_acc=0.969  lr=0.000418
[train INFO]   [epoch 18 step 115200] loss=0.0850 batch_acc=0.938  lr=0.000418
[train INFO]   [epoch 18 step 116800] loss=0.0637 batch_acc=0.984  lr=0.000418
[train INFO]   [epoch 18 step 118400] loss=0.0897 batch_acc=0.938  lr=0.000418
[train INFO] Epoch 18/40  train_loss=0.0931  train_error=0.0355  time=118.9s
[train INFO]   >> val_loss=0.1630  val_error=0.0655
[train INFO]   Checkpoint saved: ./output/04-13_17-12_grasp_dataset_0410_CE_th0.002_a0.5_0.5/epoch_018.pt
[train INFO]   [epoch 19 step 120000] loss=0.0734 batch_acc=0.984  lr=0.000397
[train INFO]   [epoch 19 step 121600] loss=0.0469 batch_acc=0.984  lr=0.000397
[train INFO]   [epoch 19 step 123200] loss=0.0977 batch_acc=0.938  lr=0.000397
[train INFO]   [epoch 19 step 124800] loss=0.1929 batch_acc=0.922  lr=0.000397
[train INFO] Epoch 19/40  train_loss=0.0902  train_error=0.0347  time=118.8s
[train INFO]   >> val_loss=0.1035  val_error=0.0394
[train INFO]   Checkpoint saved: ./output/04-13_17-12_grasp_dataset_0410_CE_th0.002_a0.5_0.5/epoch_019.pt
[train INFO]   [epoch 20 step 126400] loss=0.1019 batch_acc=0.969  lr=0.000377
[train INFO]   [epoch 20 step 128000] loss=0.1096 batch_acc=0.969  lr=0.000377
[train INFO]   [epoch 20 step 129600] loss=0.0930 batch_acc=1.000  lr=0.000377
[train INFO]   [epoch 20 step 131200] loss=0.0580 batch_acc=0.984  lr=0.000377
[train INFO] Epoch 20/40  train_loss=0.0870  train_error=0.0334  time=119.3s
[train INFO]   >> val_loss=0.1128  val_error=0.0436
[train INFO]   Checkpoint saved: ./output/04-13_17-12_grasp_dataset_0410_CE_th0.002_a0.5_0.5/epoch_020.pt
[train INFO]   [epoch 21 step 132800] loss=0.0335 batch_acc=1.000  lr=0.000358
[train INFO]   [epoch 21 step 134400] loss=0.0512 batch_acc=0.984  lr=0.000358
[train INFO]   [epoch 21 step 136000] loss=0.0206 batch_acc=1.000  lr=0.000358
[train INFO]   [epoch 21 step 137600] loss=0.1813 batch_acc=0.922  lr=0.000358
[train INFO] Epoch 21/40  train_loss=0.0842  train_error=0.0322  time=119.7s
[train INFO]   >> val_loss=0.1129  val_error=0.0449
[train INFO]   Checkpoint saved: ./output/04-13_17-12_grasp_dataset_0410_CE_th0.002_a0.5_0.5/epoch_021.pt
[train INFO]   [epoch 22 step 139200] loss=0.0840 batch_acc=1.000  lr=0.000341
[train INFO]   [epoch 22 step 140800] loss=0.0734 batch_acc=0.953  lr=0.000341
[train INFO]   [epoch 22 step 142400] loss=0.0880 batch_acc=0.953  lr=0.000341
[train INFO]   [epoch 22 step 144000] loss=0.0434 batch_acc=0.984  lr=0.000341
[train INFO] Epoch 22/40  train_loss=0.0813  train_error=0.0310  time=119.2s
[train INFO]   >> val_loss=0.1417  val_error=0.0568
[train INFO]   Checkpoint saved: ./output/04-13_17-12_grasp_dataset_0410_CE_th0.002_a0.5_0.5/epoch_022.pt
[train INFO]   [epoch 23 step 145600] loss=0.0830 batch_acc=0.953  lr=0.000324
[train INFO]   [epoch 23 step 147200] loss=0.0655 batch_acc=0.969  lr=0.000324
[train INFO]   [epoch 23 step 148800] loss=0.1148 batch_acc=0.953  lr=0.000324
[train INFO]   [epoch 23 step 150400] loss=0.0219 batch_acc=0.984  lr=0.000324
[train INFO] Epoch 23/40  train_loss=0.0781  train_error=0.0291  time=120.2s
[train INFO]   >> val_loss=0.1249  val_error=0.0489
[train INFO]   Checkpoint saved: ./output/04-13_17-12_grasp_dataset_0410_CE_th0.002_a0.5_0.5/epoch_023.pt
[train INFO]   [epoch 24 step 152000] loss=0.0096 batch_acc=1.000  lr=0.000307
[train INFO]   [epoch 24 step 153600] loss=0.0960 batch_acc=0.922  lr=0.000307
[train INFO]   [epoch 24 step 155200] loss=0.0792 batch_acc=0.969  lr=0.000307
[train INFO]   [epoch 24 step 156800] loss=0.1290 batch_acc=0.953  lr=0.000307
[train INFO] Epoch 24/40  train_loss=0.0770  train_error=0.0291  time=120.2s
[train INFO]   >> val_loss=0.0843  val_error=0.0316
[train INFO]   >> New best model saved (val_error=0.0316)
[train INFO]   Checkpoint saved: ./output/04-13_17-12_grasp_dataset_0410_CE_th0.002_a0.5_0.5/epoch_024.pt
[train INFO]   [epoch 25 step 158400] loss=0.0557 batch_acc=0.984  lr=0.000292
[train INFO]   [epoch 25 step 160000] loss=0.1097 batch_acc=0.953  lr=0.000292
[train INFO]   [epoch 25 step 161600] loss=0.0453 batch_acc=0.984  lr=0.000292
[train INFO]   [epoch 25 step 163200] loss=0.0504 batch_acc=0.969  lr=0.000292
[train INFO]   [epoch 25 step 164800] loss=0.1419 batch_acc=0.906  lr=0.000292
[train INFO] Epoch 25/40  train_loss=0.0734  train_error=0.0276  time=120.1s
[train INFO]   >> val_loss=0.0908  val_error=0.0343
[train INFO]   Checkpoint saved: ./output/04-13_17-12_grasp_dataset_0410_CE_th0.002_a0.5_0.5/epoch_025.pt
[train INFO]   [epoch 26 step 166400] loss=0.0989 batch_acc=0.969  lr=0.000277
[train INFO]   [epoch 26 step 168000] loss=0.0522 batch_acc=0.969  lr=0.000277
[train INFO]   [epoch 26 step 169600] loss=0.0683 batch_acc=0.969  lr=0.000277
[train INFO]   [epoch 26 step 171200] loss=0.0407 batch_acc=0.984  lr=0.000277
[train INFO] Epoch 26/40  train_loss=0.0720  train_error=0.0268  time=119.5s
[train INFO]   >> val_loss=0.0843  val_error=0.0313
[train INFO]   >> New best model saved (val_error=0.0313)
[train INFO]   Checkpoint saved: ./output/04-13_17-12_grasp_dataset_0410_CE_th0.002_a0.5_0.5/epoch_026.pt
[train INFO]   [epoch 27 step 172800] loss=0.0805 batch_acc=0.969  lr=0.000264
[train INFO]   [epoch 27 step 174400] loss=0.0366 batch_acc=1.000  lr=0.000264
[train INFO]   [epoch 27 step 176000] loss=0.0852 batch_acc=0.953  lr=0.000264
[train INFO]   [epoch 27 step 177600] loss=0.0281 batch_acc=1.000  lr=0.000264
[train INFO] Epoch 27/40  train_loss=0.0700  train_error=0.0258  time=119.9s
[train INFO]   >> val_loss=0.0909  val_error=0.0341
[train INFO]   Checkpoint saved: ./output/04-13_17-12_grasp_dataset_0410_CE_th0.002_a0.5_0.5/epoch_027.pt
[train INFO]   [epoch 28 step 179200] loss=0.0633 batch_acc=0.984  lr=0.000250
[train INFO]   [epoch 28 step 180800] loss=0.0583 batch_acc=0.969  lr=0.000250
[train INFO]   [epoch 28 step 182400] loss=0.0844 batch_acc=0.953  lr=0.000250
[train INFO]   [epoch 28 step 184000] loss=0.0449 batch_acc=0.969  lr=0.000250
[train INFO] Epoch 28/40  train_loss=0.0668  train_error=0.0247  time=120.8s
[train INFO]   >> val_loss=0.1132  val_error=0.0437
[train INFO]   Checkpoint saved: ./output/04-13_17-12_grasp_dataset_0410_CE_th0.002_a0.5_0.5/epoch_028.pt
[train INFO]   [epoch 29 step 185600] loss=0.0275 batch_acc=1.000  lr=0.000238
[train INFO]   [epoch 29 step 187200] loss=0.1598 batch_acc=0.938  lr=0.000238
[train INFO]   [epoch 29 step 188800] loss=0.0445 batch_acc=0.969  lr=0.000238
[train INFO]   [epoch 29 step 190400] loss=0.0499 batch_acc=0.984  lr=0.000238
[train INFO] Epoch 29/40  train_loss=0.0660  train_error=0.0243  time=119.3s
[train INFO]   >> val_loss=0.0800  val_error=0.0293
[train INFO]   >> New best model saved (val_error=0.0293)
[train INFO]   Checkpoint saved: ./output/04-13_17-12_grasp_dataset_0410_CE_th0.002_a0.5_0.5/epoch_029.pt
[train INFO]   [epoch 30 step 192000] loss=0.0340 batch_acc=0.969  lr=0.000226
[train INFO]   [epoch 30 step 193600] loss=0.0561 batch_acc=0.984  lr=0.000226
[train INFO]   [epoch 30 step 195200] loss=0.0731 batch_acc=0.984  lr=0.000226
[train INFO]   [epoch 30 step 196800] loss=0.0508 batch_acc=0.969  lr=0.000226
[train INFO] Epoch 30/40  train_loss=0.0645  train_error=0.0237  time=120.2s
[train INFO]   >> val_loss=0.0910  val_error=0.0339
[train INFO]   Checkpoint saved: ./output/04-13_17-12_grasp_dataset_0410_CE_th0.002_a0.5_0.5/epoch_030.pt
[train INFO]   [epoch 31 step 198400] loss=0.0346 batch_acc=1.000  lr=0.000215
[train INFO]   [epoch 31 step 200000] loss=0.0332 batch_acc=0.984  lr=0.000215
[train INFO]   [epoch 31 step 201600] loss=0.0819 batch_acc=0.969  lr=0.000215
[train INFO]   [epoch 31 step 203200] loss=0.1214 batch_acc=0.969  lr=0.000215
[train INFO] Epoch 31/40  train_loss=0.0640  train_error=0.0233  time=119.7s
[train INFO]   >> val_loss=0.0792  val_error=0.0288
[train INFO]   >> New best model saved (val_error=0.0288)
[train INFO]   Checkpoint saved: ./output/04-13_17-12_grasp_dataset_0410_CE_th0.002_a0.5_0.5/epoch_031.pt
[train INFO]   [epoch 32 step 204800] loss=0.0498 batch_acc=1.000  lr=0.000204
[train INFO]   [epoch 32 step 206400] loss=0.0477 batch_acc=0.984  lr=0.000204
[train INFO]   [epoch 32 step 208000] loss=0.0372 batch_acc=1.000  lr=0.000204
[train INFO]   [epoch 32 step 209600] loss=0.0476 batch_acc=1.000  lr=0.000204
[train INFO] Epoch 32/40  train_loss=0.0623  train_error=0.0228  time=119.2s
[train INFO]   >> val_loss=0.0917  val_error=0.0343
[train INFO]   Checkpoint saved: ./output/04-13_17-12_grasp_dataset_0410_CE_th0.002_a0.5_0.5/epoch_032.pt
[train INFO]   [epoch 33 step 211200] loss=0.0921 batch_acc=0.953  lr=0.000194
[train INFO]   [epoch 33 step 212800] loss=0.1414 batch_acc=0.984  lr=0.000194
[train INFO]   [epoch 33 step 214400] loss=0.0532 batch_acc=0.969  lr=0.000194
[train INFO]   [epoch 33 step 216000] loss=0.0153 batch_acc=1.000  lr=0.000194
[train INFO]   [epoch 33 step 217600] loss=0.0399 batch_acc=0.969  lr=0.000194
[train INFO] Epoch 33/40  train_loss=0.0606  train_error=0.0221  time=119.3s
[train INFO]   >> val_loss=0.0817  val_error=0.0307
[train INFO]   Checkpoint saved: ./output/04-13_17-12_grasp_dataset_0410_CE_th0.002_a0.5_0.5/epoch_033.pt
[train INFO]   [epoch 34 step 219200] loss=0.0407 batch_acc=0.984  lr=0.000184
[train INFO]   [epoch 34 step 220800] loss=0.1363 batch_acc=0.922  lr=0.000184
[train INFO]   [epoch 34 step 222400] loss=0.1044 batch_acc=0.969  lr=0.000184
[train INFO]   [epoch 34 step 224000] loss=0.0444 batch_acc=1.000  lr=0.000184
[train INFO] Epoch 34/40  train_loss=0.0594  train_error=0.0214  time=119.5s
[train INFO]   >> val_loss=0.0661  val_error=0.0232
[train INFO]   >> New best model saved (val_error=0.0232)
[train INFO]   Checkpoint saved: ./output/04-13_17-12_grasp_dataset_0410_CE_th0.002_a0.5_0.5/epoch_034.pt
[train INFO]   [epoch 35 step 225600] loss=0.0466 batch_acc=0.984  lr=0.000175
[train INFO]   [epoch 35 step 227200] loss=0.0426 batch_acc=0.984  lr=0.000175
[train INFO]   [epoch 35 step 228800] loss=0.0648 batch_acc=0.984  lr=0.000175
[train INFO]   [epoch 35 step 230400] loss=0.0445 batch_acc=0.984  lr=0.000175
[train INFO] Epoch 35/40  train_loss=0.0577  train_error=0.0206  time=119.2s
[train INFO]   >> val_loss=0.0829  val_error=0.0310
[train INFO]   Checkpoint saved: ./output/04-13_17-12_grasp_dataset_0410_CE_th0.002_a0.5_0.5/epoch_035.pt
[train INFO]   [epoch 36 step 232000] loss=0.0327 batch_acc=0.984  lr=0.000166
[train INFO]   [epoch 36 step 233600] loss=0.0213 batch_acc=1.000  lr=0.000166
[train INFO]   [epoch 36 step 235200] loss=0.0922 batch_acc=0.984  lr=0.000166
[train INFO]   [epoch 36 step 236800] loss=0.0937 batch_acc=0.984  lr=0.000166
[train INFO] Epoch 36/40  train_loss=0.0574  train_error=0.0208  time=119.4s
[train INFO]   >> val_loss=0.0813  val_error=0.0294
[train INFO]   Checkpoint saved: ./output/04-13_17-12_grasp_dataset_0410_CE_th0.002_a0.5_0.5/epoch_036.pt
[train INFO]   [epoch 37 step 238400] loss=0.0957 batch_acc=0.953  lr=0.000158
[train INFO]   [epoch 37 step 240000] loss=0.0193 batch_acc=1.000  lr=0.000158
[train INFO]   [epoch 37 step 241600] loss=0.0408 batch_acc=1.000  lr=0.000158
[train INFO]   [epoch 37 step 243200] loss=0.0843 batch_acc=0.953  lr=0.000158
[train INFO] Epoch 37/40  train_loss=0.0562  train_error=0.0201  time=119.3s
[train INFO]   >> val_loss=0.0812  val_error=0.0303
[train INFO]   Checkpoint saved: ./output/04-13_17-12_grasp_dataset_0410_CE_th0.002_a0.5_0.5/epoch_037.pt
[train INFO]   [epoch 38 step 244800] loss=0.1243 batch_acc=0.969  lr=0.000150
[train INFO]   [epoch 38 step 246400] loss=0.0250 batch_acc=0.984  lr=0.000150
[train INFO]   [epoch 38 step 248000] loss=0.0505 batch_acc=1.000  lr=0.000150
[train INFO]   [epoch 38 step 249600] loss=0.0240 batch_acc=1.000  lr=0.000150
[train INFO] Epoch 38/40  train_loss=0.0550  train_error=0.0197  time=120.1s
[train INFO]   >> val_loss=0.0636  val_error=0.0230
[train INFO]   >> New best model saved (val_error=0.0230)
[train INFO]   Checkpoint saved: ./output/04-13_17-12_grasp_dataset_0410_CE_th0.002_a0.5_0.5/epoch_038.pt
[train INFO]   [epoch 39 step 251200] loss=0.0873 batch_acc=0.969  lr=0.000142
[train INFO]   [epoch 39 step 252800] loss=0.1820 batch_acc=0.922  lr=0.000142
[train INFO]   [epoch 39 step 254400] loss=0.0501 batch_acc=0.984  lr=0.000142
[train INFO]   [epoch 39 step 256000] loss=0.0556 batch_acc=0.969  lr=0.000142
[train INFO] Epoch 39/40  train_loss=0.0532  train_error=0.0187  time=119.6s
[train INFO]   >> val_loss=0.0919  val_error=0.0341
[train INFO]   Checkpoint saved: ./output/04-13_17-12_grasp_dataset_0410_CE_th0.002_a0.5_0.5/epoch_039.pt
[train INFO]   [epoch 40 step 257600] loss=0.0329 batch_acc=0.984  lr=0.000135
[train INFO]   [epoch 40 step 259200] loss=0.0392 batch_acc=1.000  lr=0.000135
[train INFO]   [epoch 40 step 260800] loss=0.0578 batch_acc=0.984  lr=0.000135
[train INFO]   [epoch 40 step 262400] loss=0.0150 batch_acc=1.000  lr=0.000135
[train INFO] Epoch 40/40  train_loss=0.0529  train_error=0.0186  time=119.6s
[train INFO]   >> val_loss=0.0754  val_error=0.0269
[train INFO]   Checkpoint saved: ./output/04-13_17-12_grasp_dataset_0410_CE_th0.002_a0.5_0.5/epoch_040.pt
[train INFO] ============================================================
[train INFO] Training complete. Best val_error=0.0230
[train INFO] Model saved to ./output/04-13_17-12_grasp_dataset_0410_CE_th0.002_a0.5_0.5/
[train INFO] ============================================================
