[train INFO] ============================================================
[train INFO] Starting training
[train INFO] ============================================================
[train INFO] Config: {'train_batch_size': 64, 'val_batch_size': 64, 'num_epochs': 40, 'train_pct': 0.8, 'base_lr': 0.001, 'momentum': 0.9, 'weight_decay': 0.0005, 'decay_rate': 0.95, 'drop_rate': 0.0, 'metric_thresh': 0.002, 'eval_frequency': 1, 'save_frequency': 1, 'log_frequency': 1600, 'num_random_files': 10000, 'seed': 24098, 'alpha': [0.5, 0.5], 'loss': 'CE'}
[train INFO]   [epoch 1 step 1600] loss=0.3095 batch_acc=0.844  lr=0.001000
[train INFO]   [epoch 1 step 3200] loss=0.3138 batch_acc=0.781  lr=0.001000
[train INFO]   [epoch 1 step 4800] loss=0.3769 batch_acc=0.844  lr=0.001000
[train INFO] Epoch 1/40  train_loss=0.3718  train_error=0.1675  time=93.0s
[train INFO]   >> val_loss=0.3513  val_error=0.1497
[train INFO]   >> New best model saved (val_error=0.1497)
[train INFO]   Checkpoint saved: ./output/04-11_01-11_grasp_dataset_0410_CE_th0.002_a0.5_0.5/epoch_001.pt
[train INFO]   [epoch 2 step 6400] loss=0.2344 batch_acc=0.766  lr=0.000950
[train INFO]   [epoch 2 step 8000] loss=0.2136 batch_acc=0.891  lr=0.000950
[train INFO]   [epoch 2 step 9600] loss=0.1603 batch_acc=0.984  lr=0.000950
[train INFO] Epoch 2/40  train_loss=0.2660  train_error=0.1188  time=96.7s
[train INFO]   >> val_loss=0.2690  val_error=0.1177
[train INFO]   >> New best model saved (val_error=0.1177)
[train INFO]   Checkpoint saved: ./output/04-11_01-11_grasp_dataset_0410_CE_th0.002_a0.5_0.5/epoch_002.pt
[train INFO]   [epoch 3 step 11202] loss=0.1496 batch_acc=0.938  lr=0.000902
[train INFO]   [epoch 3 step 12800] loss=0.2589 batch_acc=0.844  lr=0.000902
[train INFO]   [epoch 3 step 14400] loss=0.1987 batch_acc=0.953  lr=0.000902
[train INFO] Epoch 3/40  train_loss=0.2286  train_error=0.1025  time=96.6s
[train INFO]   >> val_loss=0.2278  val_error=0.0974
[train INFO]   >> New best model saved (val_error=0.0974)
[train INFO]   Checkpoint saved: ./output/04-11_01-11_grasp_dataset_0410_CE_th0.002_a0.5_0.5/epoch_003.pt
[train INFO]   [epoch 4 step 16000] loss=0.1678 batch_acc=0.922  lr=0.000857
[train INFO]   [epoch 4 step 17600] loss=0.2429 batch_acc=0.891  lr=0.000857
[train INFO]   [epoch 4 step 19200] loss=0.2000 batch_acc=0.969  lr=0.000857
[train INFO]   [epoch 4 step 20800] loss=0.2395 batch_acc=0.906  lr=0.000857
[train INFO] Epoch 4/40  train_loss=0.2044  train_error=0.0919  time=97.3s
[train INFO]   >> val_loss=0.1531  val_error=0.0632
[train INFO]   >> New best model saved (val_error=0.0632)
[train INFO]   Checkpoint saved: ./output/04-11_01-11_grasp_dataset_0410_CE_th0.002_a0.5_0.5/epoch_004.pt
[train INFO]   [epoch 5 step 22400] loss=0.1165 batch_acc=0.922  lr=0.000815
[train INFO]   [epoch 5 step 24000] loss=0.1816 batch_acc=0.906  lr=0.000815
[train INFO]   [epoch 5 step 25600] loss=0.1100 batch_acc=0.938  lr=0.000815
[train INFO] Epoch 5/40  train_loss=0.1873  train_error=0.0837  time=96.9s
[train INFO]   >> val_loss=0.2202  val_error=0.0958
[train INFO]   Checkpoint saved: ./output/04-11_01-11_grasp_dataset_0410_CE_th0.002_a0.5_0.5/epoch_005.pt
[train INFO]   [epoch 6 step 27200] loss=0.1067 batch_acc=0.953  lr=0.000774
[train INFO]   [epoch 6 step 28800] loss=0.1814 batch_acc=0.953  lr=0.000774
[train INFO]   [epoch 6 step 30400] loss=0.1876 batch_acc=0.938  lr=0.000774
[train INFO] Epoch 6/40  train_loss=0.1738  train_error=0.0779  time=96.6s
[train INFO]   >> val_loss=0.1904  val_error=0.0779
[train INFO]   Checkpoint saved: ./output/04-11_01-11_grasp_dataset_0410_CE_th0.002_a0.5_0.5/epoch_006.pt
[train INFO]   [epoch 7 step 32000] loss=0.2129 batch_acc=0.922  lr=0.000735
[train INFO]   [epoch 7 step 33600] loss=0.2295 batch_acc=0.906  lr=0.000735
[train INFO]   [epoch 7 step 35200] loss=0.2926 batch_acc=0.891  lr=0.000735
[train INFO]   [epoch 7 step 36800] loss=0.2376 batch_acc=0.922  lr=0.000735
[train INFO] Epoch 7/40  train_loss=0.1620  train_error=0.0722  time=97.5s
[train INFO]   >> val_loss=0.1783  val_error=0.0730
[train INFO]   Checkpoint saved: ./output/04-11_01-11_grasp_dataset_0410_CE_th0.002_a0.5_0.5/epoch_007.pt
[train INFO]   [epoch 8 step 38400] loss=0.1924 batch_acc=0.875  lr=0.000698
[train INFO]   [epoch 8 step 40000] loss=0.1014 batch_acc=0.938  lr=0.000698
[train INFO]   [epoch 8 step 41600] loss=0.0485 batch_acc=0.984  lr=0.000698
[train INFO] Epoch 8/40  train_loss=0.1529  train_error=0.0679  time=96.7s
[train INFO]   >> val_loss=0.1831  val_error=0.0743
[train INFO]   Checkpoint saved: ./output/04-11_01-11_grasp_dataset_0410_CE_th0.002_a0.5_0.5/epoch_008.pt
[train INFO]   [epoch 9 step 43200] loss=0.0669 batch_acc=0.984  lr=0.000663
[train INFO]   [epoch 9 step 44800] loss=0.0889 batch_acc=0.969  lr=0.000663
[train INFO]   [epoch 9 step 46400] loss=0.1533 batch_acc=0.906  lr=0.000663
[train INFO] Epoch 9/40  train_loss=0.1441  train_error=0.0644  time=97.0s
[train INFO]   >> val_loss=0.2105  val_error=0.0845
[train INFO]   Checkpoint saved: ./output/04-11_01-11_grasp_dataset_0410_CE_th0.002_a0.5_0.5/epoch_009.pt
[train INFO]   [epoch 10 step 48000] loss=0.1204 batch_acc=0.953  lr=0.000630
[train INFO]   [epoch 10 step 49600] loss=0.0956 batch_acc=0.984  lr=0.000630
[train INFO]   [epoch 10 step 51200] loss=0.1421 batch_acc=0.891  lr=0.000630
[train INFO]   [epoch 10 step 52800] loss=0.2436 batch_acc=0.922  lr=0.000630
[train INFO] Epoch 10/40  train_loss=0.1362  train_error=0.0606  time=96.9s
[train INFO]   >> val_loss=0.1797  val_error=0.0733
[train INFO]   Checkpoint saved: ./output/04-11_01-11_grasp_dataset_0410_CE_th0.002_a0.5_0.5/epoch_010.pt
[train INFO]   [epoch 11 step 54400] loss=0.1017 batch_acc=0.969  lr=0.000599
[train INFO]   [epoch 11 step 56000] loss=0.1540 batch_acc=0.922  lr=0.000599
[train INFO]   [epoch 11 step 57600] loss=0.0668 batch_acc=0.969  lr=0.000599
[train INFO] Epoch 11/40  train_loss=0.1302  train_error=0.0582  time=96.5s
[train INFO]   >> val_loss=0.1566  val_error=0.0640
[train INFO]   Checkpoint saved: ./output/04-11_01-11_grasp_dataset_0410_CE_th0.002_a0.5_0.5/epoch_011.pt
[train INFO]   [epoch 12 step 59200] loss=0.1099 batch_acc=0.953  lr=0.000569
[train INFO]   [epoch 12 step 60800] loss=0.1447 batch_acc=0.922  lr=0.000569
[train INFO]   [epoch 12 step 62400] loss=0.1337 batch_acc=0.922  lr=0.000569
[train INFO] Epoch 12/40  train_loss=0.1235  train_error=0.0546  time=96.9s
[train INFO]   >> val_loss=0.1352  val_error=0.0588
[train INFO]   >> New best model saved (val_error=0.0588)
[train INFO]   Checkpoint saved: ./output/04-11_01-11_grasp_dataset_0410_CE_th0.002_a0.5_0.5/epoch_012.pt
[train INFO]   [epoch 13 step 64000] loss=0.1145 batch_acc=0.953  lr=0.000540
[train INFO]   [epoch 13 step 65600] loss=0.0483 batch_acc=0.969  lr=0.000540
[train INFO]   [epoch 13 step 67200] loss=0.0591 batch_acc=0.969  lr=0.000540
[train INFO]   [epoch 13 step 68800] loss=0.0655 batch_acc=0.969  lr=0.000540
[train INFO] Epoch 13/40  train_loss=0.1180  train_error=0.0523  time=97.3s
[train INFO]   >> val_loss=0.1192  val_error=0.0487
[train INFO]   >> New best model saved (val_error=0.0487)
[train INFO]   Checkpoint saved: ./output/04-11_01-11_grasp_dataset_0410_CE_th0.002_a0.5_0.5/epoch_013.pt
[train INFO]   [epoch 14 step 70400] loss=0.0756 batch_acc=0.969  lr=0.000513
[train INFO]   [epoch 14 step 72000] loss=0.1066 batch_acc=0.953  lr=0.000513
[train INFO]   [epoch 14 step 73600] loss=0.1559 batch_acc=0.875  lr=0.000513
[train INFO] Epoch 14/40  train_loss=0.1127  train_error=0.0500  time=97.0s
[train INFO]   >> val_loss=0.1273  val_error=0.0529
[train INFO]   Checkpoint saved: ./output/04-11_01-11_grasp_dataset_0410_CE_th0.002_a0.5_0.5/epoch_014.pt
[train INFO]   [epoch 15 step 75200] loss=0.1532 batch_acc=0.953  lr=0.000488
[train INFO]   [epoch 15 step 76800] loss=0.1804 batch_acc=0.922  lr=0.000488
[train INFO]   [epoch 15 step 78400] loss=0.2028 batch_acc=0.891  lr=0.000488
[train INFO] Epoch 15/40  train_loss=0.1083  train_error=0.0480  time=97.2s
[train INFO]   >> val_loss=0.1519  val_error=0.0626
[train INFO]   Checkpoint saved: ./output/04-11_01-11_grasp_dataset_0410_CE_th0.002_a0.5_0.5/epoch_015.pt
[train INFO]   [epoch 16 step 80000] loss=0.1549 batch_acc=0.906  lr=0.000463
[train INFO]   [epoch 16 step 81600] loss=0.1035 batch_acc=0.938  lr=0.000463
[train INFO]   [epoch 16 step 83200] loss=0.1999 batch_acc=0.906  lr=0.000463
[train INFO]   [epoch 16 step 84800] loss=0.1360 batch_acc=0.938  lr=0.000463
[train INFO] Epoch 16/40  train_loss=0.1040  train_error=0.0458  time=97.3s
[train INFO]   >> val_loss=0.1199  val_error=0.0485
[train INFO]   >> New best model saved (val_error=0.0485)
[train INFO]   Checkpoint saved: ./output/04-11_01-11_grasp_dataset_0410_CE_th0.002_a0.5_0.5/epoch_016.pt
[train INFO]   [epoch 17 step 86400] loss=0.1671 batch_acc=0.938  lr=0.000440
[train INFO]   [epoch 17 step 88000] loss=0.0646 batch_acc=0.984  lr=0.000440
[train INFO]   [epoch 17 step 89600] loss=0.1244 batch_acc=0.953  lr=0.000440
[train INFO] Epoch 17/40  train_loss=0.0999  train_error=0.0437  time=97.5s
[train INFO]   >> val_loss=0.1358  val_error=0.0574
[train INFO]   Checkpoint saved: ./output/04-11_01-11_grasp_dataset_0410_CE_th0.002_a0.5_0.5/epoch_017.pt
[train INFO]   [epoch 18 step 91200] loss=0.0689 batch_acc=0.969  lr=0.000418
[train INFO]   [epoch 18 step 92800] loss=0.0723 batch_acc=0.953  lr=0.000418
[train INFO]   [epoch 18 step 94400] loss=0.0424 batch_acc=1.000  lr=0.000418
[train INFO] Epoch 18/40  train_loss=0.0963  train_error=0.0423  time=96.8s
[train INFO]   >> val_loss=0.1343  val_error=0.0544
[train INFO]   Checkpoint saved: ./output/04-11_01-11_grasp_dataset_0410_CE_th0.002_a0.5_0.5/epoch_018.pt
[train INFO]   [epoch 19 step 96000] loss=0.0918 batch_acc=0.984  lr=0.000397
[train INFO]   [epoch 19 step 97600] loss=0.0482 batch_acc=0.953  lr=0.000397
[train INFO]   [epoch 19 step 99200] loss=0.0504 batch_acc=1.000  lr=0.000397
[train INFO]   [epoch 19 step 100800] loss=0.0750 batch_acc=0.969  lr=0.000397
[train INFO] Epoch 19/40  train_loss=0.0930  train_error=0.0408  time=97.5s
[train INFO]   >> val_loss=0.1365  val_error=0.0550
[train INFO]   Checkpoint saved: ./output/04-11_01-11_grasp_dataset_0410_CE_th0.002_a0.5_0.5/epoch_019.pt
[train INFO]   [epoch 20 step 102400] loss=0.0904 batch_acc=0.938  lr=0.000377
[train INFO]   [epoch 20 step 104000] loss=0.0215 batch_acc=1.000  lr=0.000377
[train INFO]   [epoch 20 step 105600] loss=0.0706 batch_acc=0.984  lr=0.000377
[train INFO] Epoch 20/40  train_loss=0.0897  train_error=0.0392  time=97.6s
[train INFO]   >> val_loss=0.1332  val_error=0.0541
[train INFO]   Checkpoint saved: ./output/04-11_01-11_grasp_dataset_0410_CE_th0.002_a0.5_0.5/epoch_020.pt
[train INFO]   [epoch 21 step 107200] loss=0.1156 batch_acc=0.938  lr=0.000358
[train INFO]   [epoch 21 step 108800] loss=0.1847 batch_acc=0.906  lr=0.000358
[train INFO]   [epoch 21 step 110400] loss=0.1288 batch_acc=0.969  lr=0.000358
[train INFO] Epoch 21/40  train_loss=0.0863  train_error=0.0376  time=97.4s
[train INFO]   >> val_loss=0.1474  val_error=0.0584
[train INFO]   Checkpoint saved: ./output/04-11_01-11_grasp_dataset_0410_CE_th0.002_a0.5_0.5/epoch_021.pt
[train INFO]   [epoch 22 step 112000] loss=0.0917 batch_acc=0.969  lr=0.000341
[train INFO]   [epoch 22 step 113600] loss=0.1897 batch_acc=0.859  lr=0.000341
[train INFO]   [epoch 22 step 115200] loss=0.0830 batch_acc=0.953  lr=0.000341
[train INFO] Epoch 22/40  train_loss=0.0840  train_error=0.0366  time=96.9s
[train INFO]   >> val_loss=0.0988  val_error=0.0393
[train INFO]   >> New best model saved (val_error=0.0393)
[train INFO]   Checkpoint saved: ./output/04-11_01-11_grasp_dataset_0410_CE_th0.002_a0.5_0.5/epoch_022.pt
[train INFO]   [epoch 23 step 116800] loss=0.0519 batch_acc=0.969  lr=0.000324
[train INFO]   [epoch 23 step 118400] loss=0.1057 batch_acc=0.922  lr=0.000324
[train INFO]   [epoch 23 step 120000] loss=0.1127 batch_acc=0.953  lr=0.000324
[train INFO]   [epoch 23 step 121600] loss=0.1481 batch_acc=0.938  lr=0.000324
[train INFO] Epoch 23/40  train_loss=0.0811  train_error=0.0352  time=97.2s
[train INFO]   >> val_loss=0.1217  val_error=0.0491
[train INFO]   Checkpoint saved: ./output/04-11_01-11_grasp_dataset_0410_CE_th0.002_a0.5_0.5/epoch_023.pt
[train INFO]   [epoch 24 step 123200] loss=0.0356 batch_acc=0.984  lr=0.000307
[train INFO]   [epoch 24 step 124800] loss=0.1142 batch_acc=0.984  lr=0.000307
[train INFO]   [epoch 24 step 126400] loss=0.1492 batch_acc=0.891  lr=0.000307
[train INFO] Epoch 24/40  train_loss=0.0786  train_error=0.0339  time=97.3s
[train INFO]   >> val_loss=0.1056  val_error=0.0423
[train INFO]   Checkpoint saved: ./output/04-11_01-11_grasp_dataset_0410_CE_th0.002_a0.5_0.5/epoch_024.pt
[train INFO]   [epoch 25 step 128000] loss=0.0871 batch_acc=0.938  lr=0.000292
[train INFO]   [epoch 25 step 129600] loss=0.0612 batch_acc=0.953  lr=0.000292
[train INFO]   [epoch 25 step 131200] loss=0.0446 batch_acc=0.953  lr=0.000292
[train INFO] Epoch 25/40  train_loss=0.0764  train_error=0.0330  time=96.8s
[train INFO]   >> val_loss=0.1060  val_error=0.0435
[train INFO]   Checkpoint saved: ./output/04-11_01-11_grasp_dataset_0410_CE_th0.002_a0.5_0.5/epoch_025.pt
[train INFO]   [epoch 26 step 132800] loss=0.1058 batch_acc=0.938  lr=0.000277
[train INFO]   [epoch 26 step 134400] loss=0.1537 batch_acc=0.953  lr=0.000277
[train INFO]   [epoch 26 step 136000] loss=0.1147 batch_acc=0.906  lr=0.000277
[train INFO]   [epoch 26 step 137600] loss=0.0595 batch_acc=0.969  lr=0.000277
[train INFO] Epoch 26/40  train_loss=0.0741  train_error=0.0319  time=97.4s
[train INFO]   >> val_loss=0.1015  val_error=0.0398
[train INFO]   Checkpoint saved: ./output/04-11_01-11_grasp_dataset_0410_CE_th0.002_a0.5_0.5/epoch_026.pt
[train INFO]   [epoch 27 step 139200] loss=0.1361 batch_acc=0.953  lr=0.000264
[train INFO]   [epoch 27 step 140800] loss=0.0191 batch_acc=1.000  lr=0.000264
[train INFO]   [epoch 27 step 142400] loss=0.0770 batch_acc=0.969  lr=0.000264
[train INFO] Epoch 27/40  train_loss=0.0721  train_error=0.0309  time=97.5s
[train INFO]   >> val_loss=0.0887  val_error=0.0344
[train INFO]   >> New best model saved (val_error=0.0344)
[train INFO]   Checkpoint saved: ./output/04-11_01-11_grasp_dataset_0410_CE_th0.002_a0.5_0.5/epoch_027.pt
[train INFO]   [epoch 28 step 144000] loss=0.0477 batch_acc=0.969  lr=0.000250
[train INFO]   [epoch 28 step 145600] loss=0.0387 batch_acc=0.984  lr=0.000250
[train INFO]   [epoch 28 step 147200] loss=0.0528 batch_acc=1.000  lr=0.000250
[train INFO] Epoch 28/40  train_loss=0.0703  train_error=0.0302  time=97.4s
[train INFO]   >> val_loss=0.1182  val_error=0.0489
[train INFO]   Checkpoint saved: ./output/04-11_01-11_grasp_dataset_0410_CE_th0.002_a0.5_0.5/epoch_028.pt
[train INFO]   [epoch 29 step 148800] loss=0.1106 batch_acc=0.953  lr=0.000238
[train INFO]   [epoch 29 step 150400] loss=0.0361 batch_acc=0.969  lr=0.000238
[train INFO]   [epoch 29 step 152000] loss=0.0572 batch_acc=0.984  lr=0.000238
[train INFO]   [epoch 29 step 153600] loss=0.0786 batch_acc=0.953  lr=0.000238
[train INFO] Epoch 29/40  train_loss=0.0686  train_error=0.0291  time=97.5s
[train INFO]   >> val_loss=0.0975  val_error=0.0393
[train INFO]   Checkpoint saved: ./output/04-11_01-11_grasp_dataset_0410_CE_th0.002_a0.5_0.5/epoch_029.pt
[train INFO]   [epoch 30 step 155200] loss=0.0401 batch_acc=0.969  lr=0.000226
[train INFO]   [epoch 30 step 156800] loss=0.0589 batch_acc=0.969  lr=0.000226
[train INFO]   [epoch 30 step 158400] loss=0.0458 batch_acc=0.953  lr=0.000226
[train INFO] Epoch 30/40  train_loss=0.0669  train_error=0.0286  time=96.9s
[train INFO]   >> val_loss=0.1032  val_error=0.0418
[train INFO]   Checkpoint saved: ./output/04-11_01-11_grasp_dataset_0410_CE_th0.002_a0.5_0.5/epoch_030.pt
[train INFO]   [epoch 31 step 160000] loss=0.1431 batch_acc=0.922  lr=0.000215
[train INFO]   [epoch 31 step 161600] loss=0.0762 batch_acc=0.984  lr=0.000215
[train INFO]   [epoch 31 step 163200] loss=0.1505 batch_acc=0.984  lr=0.000215
[train INFO] Epoch 31/40  train_loss=0.0653  train_error=0.0276  time=96.9s
[train INFO]   >> val_loss=0.1001  val_error=0.0397
[train INFO]   Checkpoint saved: ./output/04-11_01-11_grasp_dataset_0410_CE_th0.002_a0.5_0.5/epoch_031.pt
[train INFO]   [epoch 32 step 164800] loss=0.0554 batch_acc=0.953  lr=0.000204
[train INFO]   [epoch 32 step 166400] loss=0.0179 batch_acc=0.984  lr=0.000204
[train INFO]   [epoch 32 step 168000] loss=0.0564 batch_acc=1.000  lr=0.000204
[train INFO]   [epoch 32 step 169600] loss=0.0541 batch_acc=0.984  lr=0.000204
[train INFO] Epoch 32/40  train_loss=0.0641  train_error=0.0272  time=96.8s
[train INFO]   >> val_loss=0.0901  val_error=0.0353
[train INFO]   Checkpoint saved: ./output/04-11_01-11_grasp_dataset_0410_CE_th0.002_a0.5_0.5/epoch_032.pt
[train INFO]   [epoch 33 step 171200] loss=0.0253 batch_acc=0.969  lr=0.000194
[train INFO]   [epoch 33 step 172800] loss=0.0471 batch_acc=0.984  lr=0.000194
[train INFO]   [epoch 33 step 174400] loss=0.0512 batch_acc=0.969  lr=0.000194
[train INFO] Epoch 33/40  train_loss=0.0627  train_error=0.0264  time=97.2s
[train INFO]   >> val_loss=0.1015  val_error=0.0400
[train INFO]   Checkpoint saved: ./output/04-11_01-11_grasp_dataset_0410_CE_th0.002_a0.5_0.5/epoch_033.pt
[train INFO]   [epoch 34 step 176000] loss=0.0680 batch_acc=0.984  lr=0.000184
[train INFO]   [epoch 34 step 177600] loss=0.0395 batch_acc=0.984  lr=0.000184
[train INFO]   [epoch 34 step 179200] loss=0.0522 batch_acc=0.969  lr=0.000184
[train INFO] Epoch 34/40  train_loss=0.0612  train_error=0.0255  time=97.2s
[train INFO]   >> val_loss=0.1047  val_error=0.0425
[train INFO]   Checkpoint saved: ./output/04-11_01-11_grasp_dataset_0410_CE_th0.002_a0.5_0.5/epoch_034.pt
[train INFO]   [epoch 35 step 180800] loss=0.0425 batch_acc=0.969  lr=0.000175
[train INFO]   [epoch 35 step 182400] loss=0.0363 batch_acc=0.969  lr=0.000175
[train INFO]   [epoch 35 step 184000] loss=0.0538 batch_acc=1.000  lr=0.000175
[train INFO]   [epoch 35 step 185600] loss=0.0768 batch_acc=0.969  lr=0.000175
[train INFO] Epoch 35/40  train_loss=0.0599  train_error=0.0251  time=97.3s
[train INFO]   >> val_loss=0.0983  val_error=0.0396
[train INFO]   Checkpoint saved: ./output/04-11_01-11_grasp_dataset_0410_CE_th0.002_a0.5_0.5/epoch_035.pt
[train INFO]   [epoch 36 step 187200] loss=0.0947 batch_acc=0.938  lr=0.000166
[train INFO]   [epoch 36 step 188800] loss=0.0626 batch_acc=0.969  lr=0.000166
[train INFO]   [epoch 36 step 190400] loss=0.0562 batch_acc=0.969  lr=0.000166
[train INFO] Epoch 36/40  train_loss=0.0588  train_error=0.0246  time=97.3s
[train INFO]   >> val_loss=0.0950  val_error=0.0372
[train INFO]   Checkpoint saved: ./output/04-11_01-11_grasp_dataset_0410_CE_th0.002_a0.5_0.5/epoch_036.pt
[train INFO]   [epoch 37 step 192000] loss=0.0175 batch_acc=1.000  lr=0.000158
[train INFO]   [epoch 37 step 193600] loss=0.0507 batch_acc=0.984  lr=0.000158
[train INFO]   [epoch 37 step 195200] loss=0.0548 batch_acc=1.000  lr=0.000158
[train INFO] Epoch 37/40  train_loss=0.0578  train_error=0.0242  time=97.2s
[train INFO]   >> val_loss=0.1070  val_error=0.0425
[train INFO]   Checkpoint saved: ./output/04-11_01-11_grasp_dataset_0410_CE_th0.002_a0.5_0.5/epoch_037.pt
[train INFO]   [epoch 38 step 196800] loss=0.0952 batch_acc=0.953  lr=0.000150
[train INFO]   [epoch 38 step 198400] loss=0.0669 batch_acc=0.938  lr=0.000150
[train INFO]   [epoch 38 step 200000] loss=0.0236 batch_acc=1.000  lr=0.000150
[train INFO]   [epoch 38 step 201600] loss=0.0249 batch_acc=1.000  lr=0.000150
[train INFO] Epoch 38/40  train_loss=0.0567  train_error=0.0236  time=97.1s
[train INFO]   >> val_loss=0.0990  val_error=0.0397
[train INFO]   Checkpoint saved: ./output/04-11_01-11_grasp_dataset_0410_CE_th0.002_a0.5_0.5/epoch_038.pt
[train INFO]   [epoch 39 step 203200] loss=0.0875 batch_acc=0.969  lr=0.000142
[train INFO]   [epoch 39 step 204800] loss=0.0609 batch_acc=0.969  lr=0.000142
[train INFO]   [epoch 39 step 206400] loss=0.0522 batch_acc=0.969  lr=0.000142
[train INFO] Epoch 39/40  train_loss=0.0556  train_error=0.0228  time=97.2s
[train INFO]   >> val_loss=0.0853  val_error=0.0326
[train INFO]   >> New best model saved (val_error=0.0326)
[train INFO]   Checkpoint saved: ./output/04-11_01-11_grasp_dataset_0410_CE_th0.002_a0.5_0.5/epoch_039.pt
[train INFO]   [epoch 40 step 208000] loss=0.0371 batch_acc=0.984  lr=0.000135
[train INFO]   [epoch 40 step 209600] loss=0.0437 batch_acc=0.953  lr=0.000135
[train INFO]   [epoch 40 step 211200] loss=0.0502 batch_acc=0.969  lr=0.000135
[train INFO] Epoch 40/40  train_loss=0.0548  train_error=0.0225  time=97.5s
[train INFO]   >> val_loss=0.0867  val_error=0.0339
[train INFO]   Checkpoint saved: ./output/04-11_01-11_grasp_dataset_0410_CE_th0.002_a0.5_0.5/epoch_040.pt
[train INFO] ============================================================
[train INFO] Training complete. Best val_error=0.0326
[train INFO] Model saved to ./output/04-11_01-11_grasp_dataset_0410_CE_th0.002_a0.5_0.5/
[train INFO] ============================================================
