[train INFO] ============================================================
[train INFO] Starting training
[train INFO] ============================================================
[train INFO] Config: {'train_batch_size': 64, 'val_batch_size': 64, 'num_epochs': 40, 'train_pct': 0.8, 'base_lr': 0.001, 'momentum': 0.9, 'weight_decay': 0.0, 'decay_rate': 0.95, 'drop_rate': 0.0, 'metric_thresh': 0.002, 'eval_frequency': 1, 'save_frequency': 1, 'log_frequency': 1600, 'multiplicative_denoising': False, 'gamma_shape': 1000.0, 'gaussian_process_denoising': False, 'gaussian_process_rate': 0.5, 'gaussian_process_sigma': 0.005, 'gaussian_process_scaling_factor': 4.0, 'symmetrize': True, 'num_random_files': 10000, 'seed': 24098, 'alpha': [0.5, 0.5], 'loss': 'CE'}
[train INFO]   [epoch 1 step 1600] loss=0.4142batch_acc=0.828  lr=0.001000
[train INFO]   [epoch 1 step 3200] loss=0.3750batch_acc=0.812  lr=0.001000
[train INFO]   [epoch 1 step 4800] loss=0.2385batch_acc=0.875  lr=0.001000
[train INFO] Epoch 1/40  train_loss=0.4082  train_error=0.1860  time=99.5s
[train INFO]   >> val_loss=0.3168  val_error=0.1472
[train INFO]   >> New best model saved (val_error=0.1472)
[train INFO]   Checkpoint saved: ./output/04-07_grasp_dataset_f_0.4_tilt_CE_th0.002_a0.5_0.5/epoch_001.pt
[train INFO]   [epoch 2 step 6400] loss=0.4210batch_acc=0.828  lr=0.000950
[train INFO]   [epoch 2 step 8000] loss=0.3768batch_acc=0.781  lr=0.000950
[train INFO]   [epoch 2 step 9600] loss=0.2088batch_acc=0.938  lr=0.000950
[train INFO]   [epoch 2 step 11200] loss=0.3236batch_acc=0.891  lr=0.000950
[train INFO] Epoch 2/40  train_loss=0.2946  train_error=0.1335  time=103.6s
[train INFO]   >> val_loss=0.2370  val_error=0.1040
[train INFO]   >> New best model saved (val_error=0.1040)
[train INFO]   Checkpoint saved: ./output/04-07_grasp_dataset_f_0.4_tilt_CE_th0.002_a0.5_0.5/epoch_002.pt
[train INFO]   [epoch 3 step 12800] loss=0.2292batch_acc=0.922  lr=0.000902
[train INFO]   [epoch 3 step 14400] loss=0.2466batch_acc=0.891  lr=0.000902
[train INFO]   [epoch 3 step 16000] loss=0.1732batch_acc=0.969  lr=0.000902
[train INFO] Epoch 3/40  train_loss=0.2590  train_error=0.1173  time=104.5s
[train INFO]   >> val_loss=0.2288  val_error=0.1019
[train INFO]   >> New best model saved (val_error=0.1019)
[train INFO]   Checkpoint saved: ./output/04-07_grasp_dataset_f_0.4_tilt_CE_th0.002_a0.5_0.5/epoch_003.pt
[train INFO]   [epoch 4 step 17600] loss=0.1809batch_acc=0.938  lr=0.000857
[train INFO]   [epoch 4 step 19200] loss=0.2450batch_acc=0.859  lr=0.000857
[train INFO]   [epoch 4 step 20800] loss=0.1504batch_acc=0.906  lr=0.000857
[train INFO]   [epoch 4 step 22400] loss=0.2955batch_acc=0.844  lr=0.000857
[train INFO] Epoch 4/40  train_loss=0.2377  train_error=0.1076  time=104.3s
[train INFO]   >> val_loss=0.2399  val_error=0.1026
[train INFO]   Checkpoint saved: ./output/04-07_grasp_dataset_f_0.4_tilt_CE_th0.002_a0.5_0.5/epoch_004.pt
[train INFO]   [epoch 5 step 24000] loss=0.1493batch_acc=0.906  lr=0.000815
[train INFO]   [epoch 5 step 25600] loss=0.2270batch_acc=0.891  lr=0.000815
[train INFO]   [epoch 5 step 27200] loss=0.2317batch_acc=0.875  lr=0.000815
[train INFO] Epoch 5/40  train_loss=0.2235  train_error=0.1006  time=104.2s
[train INFO]   >> val_loss=0.2505  val_error=0.1119
[train INFO]   Checkpoint saved: ./output/04-07_grasp_dataset_f_0.4_tilt_CE_th0.002_a0.5_0.5/epoch_005.pt
[train INFO]   [epoch 6 step 28800] loss=0.1421batch_acc=0.938  lr=0.000774
[train INFO]   [epoch 6 step 30400] loss=0.1751batch_acc=0.938  lr=0.000774
[train INFO]   [epoch 6 step 32000] loss=0.1963batch_acc=0.906  lr=0.000774
[train INFO]   [epoch 6 step 33600] loss=0.1033batch_acc=0.969  lr=0.000774
[train INFO] Epoch 6/40  train_loss=0.2119  train_error=0.0959  time=104.4s
[train INFO]   >> val_loss=0.2064  val_error=0.0896
[train INFO]   >> New best model saved (val_error=0.0896)
[train INFO]   Checkpoint saved: ./output/04-07_grasp_dataset_f_0.4_tilt_CE_th0.002_a0.5_0.5/epoch_006.pt
[train INFO]   [epoch 7 step 35200] loss=0.2626batch_acc=0.859  lr=0.000735
[train INFO]   [epoch 7 step 36800] loss=0.3474batch_acc=0.812  lr=0.000735
[train INFO]   [epoch 7 step 38400] loss=0.3009batch_acc=0.844  lr=0.000735
[train INFO] Epoch 7/40  train_loss=0.2010  train_error=0.0903  time=104.3s
[train INFO]   >> val_loss=0.1826  val_error=0.0779
[train INFO]   >> New best model saved (val_error=0.0779)
[train INFO]   Checkpoint saved: ./output/04-07_grasp_dataset_f_0.4_tilt_CE_th0.002_a0.5_0.5/epoch_007.pt
[train INFO]   [epoch 8 step 40000] loss=0.3580batch_acc=0.906  lr=0.000698
[train INFO]   [epoch 8 step 41600] loss=0.1473batch_acc=0.938  lr=0.000698
[train INFO]   [epoch 8 step 43200] loss=0.1410batch_acc=0.938  lr=0.000698
[train INFO]   [epoch 8 step 44800] loss=0.1945batch_acc=0.906  lr=0.000698
[train INFO] Epoch 8/40  train_loss=0.1931  train_error=0.0867  time=104.3s
[train INFO]   >> val_loss=0.2075  val_error=0.0908
[train INFO]   Checkpoint saved: ./output/04-07_grasp_dataset_f_0.4_tilt_CE_th0.002_a0.5_0.5/epoch_008.pt
[train INFO]   [epoch 9 step 46400] loss=0.3219batch_acc=0.875  lr=0.000663
[train INFO]   [epoch 9 step 48000] loss=0.1838batch_acc=0.953  lr=0.000663
[train INFO]   [epoch 9 step 49600] loss=0.2035batch_acc=0.906  lr=0.000663
[train INFO] Epoch 9/40  train_loss=0.1845  train_error=0.0833  time=106.0s
[train INFO]   >> val_loss=0.2137  val_error=0.0919
[train INFO]   Checkpoint saved: ./output/04-07_grasp_dataset_f_0.4_tilt_CE_th0.002_a0.5_0.5/epoch_009.pt
[train INFO]   [epoch 10 step 51200] loss=0.2185batch_acc=0.844  lr=0.000630
[train INFO]   [epoch 10 step 52800] loss=0.0946batch_acc=0.984  lr=0.000630
[train INFO]   [epoch 10 step 54400] loss=0.1118batch_acc=0.984  lr=0.000630
[train INFO]   [epoch 10 step 56000] loss=0.1025batch_acc=0.953  lr=0.000630
[train INFO] Epoch 10/40  train_loss=0.1776  train_error=0.0800  time=103.6s
[train INFO]   >> val_loss=0.2142  val_error=0.0941
[train INFO]   Checkpoint saved: ./output/04-07_grasp_dataset_f_0.4_tilt_CE_th0.002_a0.5_0.5/epoch_010.pt
[train INFO]   [epoch 11 step 57600] loss=0.1667batch_acc=0.859  lr=0.000599
[train INFO]   [epoch 11 step 59200] loss=0.2096batch_acc=0.922  lr=0.000599
[train INFO]   [epoch 11 step 60800] loss=0.1291batch_acc=0.906  lr=0.000599
[train INFO] Epoch 11/40  train_loss=0.1730  train_error=0.0776  time=103.8s
[train INFO]   >> val_loss=0.1928  val_error=0.0800
[train INFO]   Checkpoint saved: ./output/04-07_grasp_dataset_f_0.4_tilt_CE_th0.002_a0.5_0.5/epoch_011.pt
[train INFO]   [epoch 12 step 62400] loss=0.1329batch_acc=0.953  lr=0.000569
[train INFO]   [epoch 12 step 64000] loss=0.0766batch_acc=0.969  lr=0.000569
[train INFO]   [epoch 12 step 65600] loss=0.1665batch_acc=0.953  lr=0.000569
[train INFO]   [epoch 12 step 67200] loss=0.1017batch_acc=1.000  lr=0.000569
[train INFO] Epoch 12/40  train_loss=0.1670  train_error=0.0745  time=104.4s
[train INFO]   >> val_loss=0.1742  val_error=0.0748
[train INFO]   >> New best model saved (val_error=0.0748)
[train INFO]   Checkpoint saved: ./output/04-07_grasp_dataset_f_0.4_tilt_CE_th0.002_a0.5_0.5/epoch_012.pt
[train INFO]   [epoch 13 step 68800] loss=0.2449batch_acc=0.891  lr=0.000540
[train INFO]   [epoch 13 step 70400] loss=0.1739batch_acc=0.922  lr=0.000540
[train INFO]   [epoch 13 step 72000] loss=0.1242batch_acc=0.953  lr=0.000540
[train INFO] Epoch 13/40  train_loss=0.1601  train_error=0.0716  time=104.1s
[train INFO]   >> val_loss=0.1586  val_error=0.0681
[train INFO]   >> New best model saved (val_error=0.0681)
[train INFO]   Checkpoint saved: ./output/04-07_grasp_dataset_f_0.4_tilt_CE_th0.002_a0.5_0.5/epoch_013.pt
[train INFO]   [epoch 14 step 73600] loss=0.1882batch_acc=0.922  lr=0.000513
[train INFO]   [epoch 14 step 75200] loss=0.0743batch_acc=0.969  lr=0.000513
[train INFO]   [epoch 14 step 76800] loss=0.1402batch_acc=0.922  lr=0.000513
[train INFO]   [epoch 14 step 78400] loss=0.0377batch_acc=1.000  lr=0.000513
[train INFO] Epoch 14/40  train_loss=0.1582  train_error=0.0707  time=104.4s
[train INFO]   >> val_loss=0.1728  val_error=0.0712
[train INFO]   Checkpoint saved: ./output/04-07_grasp_dataset_f_0.4_tilt_CE_th0.002_a0.5_0.5/epoch_014.pt
[train INFO]   [epoch 15 step 80000] loss=0.0916batch_acc=0.922  lr=0.000488
[train INFO]   [epoch 15 step 81600] loss=0.1918batch_acc=0.922  lr=0.000488
[train INFO]   [epoch 15 step 83200] loss=0.0572batch_acc=0.969  lr=0.000488
[train INFO] Epoch 15/40  train_loss=0.1549  train_error=0.0685  time=104.6s
[train INFO]   >> val_loss=0.1434  val_error=0.0610
[train INFO]   >> New best model saved (val_error=0.0610)
[train INFO]   Checkpoint saved: ./output/04-07_grasp_dataset_f_0.4_tilt_CE_th0.002_a0.5_0.5/epoch_015.pt
[train INFO]   [epoch 16 step 84800] loss=0.3025batch_acc=0.906  lr=0.000463
[train INFO]   [epoch 16 step 86400] loss=0.1345batch_acc=0.938  lr=0.000463
[train INFO]   [epoch 16 step 88000] loss=0.0858batch_acc=0.969  lr=0.000463
[train INFO]   [epoch 16 step 89600] loss=0.0621batch_acc=0.984  lr=0.000463
[train INFO] Epoch 16/40  train_loss=0.1486  train_error=0.0664  time=104.0s
[train INFO]   >> val_loss=0.1649  val_error=0.0707
[train INFO]   Checkpoint saved: ./output/04-07_grasp_dataset_f_0.4_tilt_CE_th0.002_a0.5_0.5/epoch_016.pt
[train INFO]   [epoch 17 step 91200] loss=0.1677batch_acc=0.922  lr=0.000440
[train INFO]   [epoch 17 step 92800] loss=0.1089batch_acc=0.969  lr=0.000440
[train INFO]   [epoch 17 step 94400] loss=0.1569batch_acc=0.953  lr=0.000440
[train INFO] Epoch 17/40  train_loss=0.1459  train_error=0.0651  time=104.8s
[train INFO]   >> val_loss=0.1470  val_error=0.0591
[train INFO]   >> New best model saved (val_error=0.0591)
[train INFO]   Checkpoint saved: ./output/04-07_grasp_dataset_f_0.4_tilt_CE_th0.002_a0.5_0.5/epoch_017.pt
[train INFO]   [epoch 18 step 96000] loss=0.1378batch_acc=0.922  lr=0.000418
[train INFO]   [epoch 18 step 97600] loss=0.0955batch_acc=0.922  lr=0.000418
[train INFO]   [epoch 18 step 99200] loss=0.1107batch_acc=0.938  lr=0.000418
[train INFO]   [epoch 18 step 100800] loss=0.1821batch_acc=0.922  lr=0.000418
[train INFO] Epoch 18/40  train_loss=0.1412  train_error=0.0630  time=104.7s
[train INFO]   >> val_loss=0.1604  val_error=0.0673
[train INFO]   Checkpoint saved: ./output/04-07_grasp_dataset_f_0.4_tilt_CE_th0.002_a0.5_0.5/epoch_018.pt
[train INFO]   [epoch 19 step 102400] loss=0.1125batch_acc=0.969  lr=0.000397
[train INFO]   [epoch 19 step 104000] loss=0.1535batch_acc=0.922  lr=0.000397
[train INFO]   [epoch 19 step 105600] loss=0.2027batch_acc=0.938  lr=0.000397
[train INFO] Epoch 19/40  train_loss=0.1383  train_error=0.0613  time=104.6s
[train INFO]   >> val_loss=0.1492  val_error=0.0614
[train INFO]   Checkpoint saved: ./output/04-07_grasp_dataset_f_0.4_tilt_CE_th0.002_a0.5_0.5/epoch_019.pt
[train INFO]   [epoch 20 step 107200] loss=0.1217batch_acc=0.953  lr=0.000377
[train INFO]   [epoch 20 step 108800] loss=0.0663batch_acc=1.000  lr=0.000377
[train INFO]   [epoch 20 step 110400] loss=0.0727batch_acc=0.984  lr=0.000377
[train INFO]   [epoch 20 step 112000] loss=0.0781batch_acc=0.953  lr=0.000377
[train INFO] Epoch 20/40  train_loss=0.1348  train_error=0.0599  time=104.6s
[train INFO]   >> val_loss=0.1548  val_error=0.0649
[train INFO]   Checkpoint saved: ./output/04-07_grasp_dataset_f_0.4_tilt_CE_th0.002_a0.5_0.5/epoch_020.pt
[train INFO]   [epoch 21 step 113600] loss=0.0929batch_acc=0.969  lr=0.000358
[train INFO]   [epoch 21 step 115200] loss=0.0638batch_acc=1.000  lr=0.000358
[train INFO]   [epoch 21 step 116800] loss=0.0724batch_acc=0.969  lr=0.000358
[train INFO] Epoch 21/40  train_loss=0.1320  train_error=0.0589  time=104.1s
[train INFO]   >> val_loss=0.1612  val_error=0.0679
[train INFO]   Checkpoint saved: ./output/04-07_grasp_dataset_f_0.4_tilt_CE_th0.002_a0.5_0.5/epoch_021.pt
[train INFO]   [epoch 22 step 118400] loss=0.1098batch_acc=0.969  lr=0.000341
[train INFO]   [epoch 22 step 120000] loss=0.1152batch_acc=0.984  lr=0.000341
[train INFO]   [epoch 22 step 121600] loss=0.0970batch_acc=0.969  lr=0.000341
[train INFO]   [epoch 22 step 123200] loss=0.3724batch_acc=0.922  lr=0.000341
[train INFO] Epoch 22/40  train_loss=0.1299  train_error=0.0583  time=104.7s
[train INFO]   >> val_loss=0.1265  val_error=0.0519
[train INFO]   >> New best model saved (val_error=0.0519)
[train INFO]   Checkpoint saved: ./output/04-07_grasp_dataset_f_0.4_tilt_CE_th0.002_a0.5_0.5/epoch_022.pt
[train INFO]   [epoch 23 step 124800] loss=0.1723batch_acc=0.922  lr=0.000324
[train INFO]   [epoch 23 step 126400] loss=0.0767batch_acc=0.938  lr=0.000324
[train INFO]   [epoch 23 step 128000] loss=0.0846batch_acc=0.969  lr=0.000324
[train INFO] Epoch 23/40  train_loss=0.1272  train_error=0.0566  time=104.5s
[train INFO]   >> val_loss=0.1282  val_error=0.0527
[train INFO]   Checkpoint saved: ./output/04-07_grasp_dataset_f_0.4_tilt_CE_th0.002_a0.5_0.5/epoch_023.pt
[train INFO]   [epoch 24 step 129600] loss=0.0304batch_acc=0.984  lr=0.000307
[train INFO]   [epoch 24 step 131200] loss=0.2373batch_acc=0.938  lr=0.000307
[train INFO]   [epoch 24 step 132800] loss=0.0307batch_acc=1.000  lr=0.000307
[train INFO]   [epoch 24 step 134400] loss=0.1393batch_acc=0.938  lr=0.000307
[train INFO] Epoch 24/40  train_loss=0.1239  train_error=0.0552  time=104.9s
[train INFO]   >> val_loss=0.1369  val_error=0.0572
[train INFO]   Checkpoint saved: ./output/04-07_grasp_dataset_f_0.4_tilt_CE_th0.002_a0.5_0.5/epoch_024.pt
[train INFO]   [epoch 25 step 136000] loss=0.1271batch_acc=0.938  lr=0.000292
[train INFO]   [epoch 25 step 137600] loss=0.1520batch_acc=0.906  lr=0.000292
[train INFO]   [epoch 25 step 139200] loss=0.0381batch_acc=0.984  lr=0.000292
[train INFO] Epoch 25/40  train_loss=0.1222  train_error=0.0540  time=104.5s
[train INFO]   >> val_loss=0.1283  val_error=0.0522
[train INFO]   Checkpoint saved: ./output/04-07_grasp_dataset_f_0.4_tilt_CE_th0.002_a0.5_0.5/epoch_025.pt
[train INFO]   [epoch 26 step 140800] loss=0.1798batch_acc=0.922  lr=0.000277
[train INFO]   [epoch 26 step 142400] loss=0.0917batch_acc=0.969  lr=0.000277
[train INFO]   [epoch 26 step 144000] loss=0.1162batch_acc=0.922  lr=0.000277
[train INFO]   [epoch 26 step 145600] loss=0.2222batch_acc=0.875  lr=0.000277
[train INFO] Epoch 26/40  train_loss=0.1203  train_error=0.0531  time=104.7s
[train INFO]   >> val_loss=0.1344  val_error=0.0533
[train INFO]   Checkpoint saved: ./output/04-07_grasp_dataset_f_0.4_tilt_CE_th0.002_a0.5_0.5/epoch_026.pt
[train INFO]   [epoch 27 step 147200] loss=0.1375batch_acc=0.938  lr=0.000264
[train INFO]   [epoch 27 step 148800] loss=0.1017batch_acc=0.969  lr=0.000264
[train INFO]   [epoch 27 step 150400] loss=0.1771batch_acc=0.922  lr=0.000264
[train INFO] Epoch 27/40  train_loss=0.1167  train_error=0.0521  time=104.8s
[train INFO]   >> val_loss=0.1202  val_error=0.0500
[train INFO]   >> New best model saved (val_error=0.0500)
[train INFO]   Checkpoint saved: ./output/04-07_grasp_dataset_f_0.4_tilt_CE_th0.002_a0.5_0.5/epoch_027.pt
[train INFO]   [epoch 28 step 152000] loss=0.1493batch_acc=0.922  lr=0.000250
[train INFO]   [epoch 28 step 153600] loss=0.0797batch_acc=0.984  lr=0.000250
[train INFO]   [epoch 28 step 155200] loss=0.1624batch_acc=0.938  lr=0.000250
[train INFO]   [epoch 28 step 156800] loss=0.1276batch_acc=0.953  lr=0.000250
[train INFO] Epoch 28/40  train_loss=0.1140  train_error=0.0505  time=104.2s
[train INFO]   >> val_loss=0.1309  val_error=0.0547
[train INFO]   Checkpoint saved: ./output/04-07_grasp_dataset_f_0.4_tilt_CE_th0.002_a0.5_0.5/epoch_028.pt
[train INFO]   [epoch 29 step 158400] loss=0.0600batch_acc=0.969  lr=0.000238
[train INFO]   [epoch 29 step 160000] loss=0.1897batch_acc=0.938  lr=0.000238
[train INFO]   [epoch 29 step 161600] loss=0.1017batch_acc=0.953  lr=0.000238
[train INFO] Epoch 29/40  train_loss=0.1131  train_error=0.0500  time=104.3s
[train INFO]   >> val_loss=0.1234  val_error=0.0493
[train INFO]   >> New best model saved (val_error=0.0493)
[train INFO]   Checkpoint saved: ./output/04-07_grasp_dataset_f_0.4_tilt_CE_th0.002_a0.5_0.5/epoch_029.pt
[train INFO]   [epoch 30 step 163200] loss=0.0970batch_acc=0.969  lr=0.000226
[train INFO]   [epoch 30 step 164800] loss=0.1068batch_acc=0.953  lr=0.000226
[train INFO]   [epoch 30 step 166400] loss=0.0640batch_acc=0.984  lr=0.000226
[train INFO]   [epoch 30 step 168000] loss=0.0411batch_acc=1.000  lr=0.000226
[train INFO] Epoch 30/40  train_loss=0.1118  train_error=0.0493  time=105.0s
[train INFO]   >> val_loss=0.1387  val_error=0.0571
[train INFO]   Checkpoint saved: ./output/04-07_grasp_dataset_f_0.4_tilt_CE_th0.002_a0.5_0.5/epoch_030.pt
[train INFO]   [epoch 31 step 169600] loss=0.0617batch_acc=0.984  lr=0.000215
[train INFO]   [epoch 31 step 171200] loss=0.0718batch_acc=0.969  lr=0.000215
[train INFO]   [epoch 31 step 172800] loss=0.1868batch_acc=0.906  lr=0.000215
[train INFO] Epoch 31/40  train_loss=0.1093  train_error=0.0483  time=104.5s
[train INFO]   >> val_loss=0.1218  val_error=0.0499
[train INFO]   Checkpoint saved: ./output/04-07_grasp_dataset_f_0.4_tilt_CE_th0.002_a0.5_0.5/epoch_031.pt
[train INFO]   [epoch 32 step 174400] loss=0.1403batch_acc=0.922  lr=0.000204
[train INFO]   [epoch 32 step 176000] loss=0.0741batch_acc=0.969  lr=0.000204
[train INFO]   [epoch 32 step 177600] loss=0.1751batch_acc=0.922  lr=0.000204
[train INFO]   [epoch 32 step 179200] loss=0.1074batch_acc=0.969  lr=0.000204
[train INFO] Epoch 32/40  train_loss=0.1077  train_error=0.0476  time=104.8s
[train INFO]   >> val_loss=0.1297  val_error=0.0522
[train INFO]   Checkpoint saved: ./output/04-07_grasp_dataset_f_0.4_tilt_CE_th0.002_a0.5_0.5/epoch_032.pt
[train INFO]   [epoch 33 step 180800] loss=0.0407batch_acc=0.984  lr=0.000194
[train INFO]   [epoch 33 step 182400] loss=0.0377batch_acc=0.984  lr=0.000194
[train INFO]   [epoch 33 step 184000] loss=0.0603batch_acc=0.969  lr=0.000194
[train INFO] Epoch 33/40  train_loss=0.1045  train_error=0.0461  time=104.4s
[train INFO]   >> val_loss=0.1142  val_error=0.0455
[train INFO]   >> New best model saved (val_error=0.0455)
[train INFO]   Checkpoint saved: ./output/04-07_grasp_dataset_f_0.4_tilt_CE_th0.002_a0.5_0.5/epoch_033.pt
[train INFO]   [epoch 34 step 185600] loss=0.1066batch_acc=0.938  lr=0.000184
[train INFO]   [epoch 34 step 187200] loss=0.0926batch_acc=0.969  lr=0.000184
[train INFO]   [epoch 34 step 188800] loss=0.0531batch_acc=0.953  lr=0.000184
[train INFO]   [epoch 34 step 190400] loss=0.0645batch_acc=0.953  lr=0.000184
[train INFO] Epoch 34/40  train_loss=0.1044  train_error=0.0461  time=104.6s
[train INFO]   >> val_loss=0.1210  val_error=0.0480
[train INFO]   Checkpoint saved: ./output/04-07_grasp_dataset_f_0.4_tilt_CE_th0.002_a0.5_0.5/epoch_034.pt
[train INFO]   [epoch 35 step 192000] loss=0.0670batch_acc=0.969  lr=0.000175
[train INFO]   [epoch 35 step 193600] loss=0.0528batch_acc=0.969  lr=0.000175
[train INFO]   [epoch 35 step 195200] loss=0.0259batch_acc=1.000  lr=0.000175
[train INFO] Epoch 35/40  train_loss=0.1020  train_error=0.0449  time=104.8s
[train INFO]   >> val_loss=0.1202  val_error=0.0485
[train INFO]   Checkpoint saved: ./output/04-07_grasp_dataset_f_0.4_tilt_CE_th0.002_a0.5_0.5/epoch_035.pt
[train INFO]   [epoch 36 step 196800] loss=0.0804batch_acc=0.969  lr=0.000166
[train INFO]   [epoch 36 step 198400] loss=0.0762batch_acc=0.953  lr=0.000166
[train INFO]   [epoch 36 step 200000] loss=0.0726batch_acc=0.938  lr=0.000166
[train INFO]   [epoch 36 step 201600] loss=0.1451batch_acc=0.938  lr=0.000166
[train INFO] Epoch 36/40  train_loss=0.1006  train_error=0.0447  time=104.5s
[train INFO]   >> val_loss=0.1043  val_error=0.0418
[train INFO]   >> New best model saved (val_error=0.0418)
[train INFO]   Checkpoint saved: ./output/04-07_grasp_dataset_f_0.4_tilt_CE_th0.002_a0.5_0.5/epoch_036.pt
[train INFO]   [epoch 37 step 203200] loss=0.0550batch_acc=0.984  lr=0.000158
[train INFO]   [epoch 37 step 204800] loss=0.0536batch_acc=0.969  lr=0.000158
[train INFO]   [epoch 37 step 206400] loss=0.1536batch_acc=0.938  lr=0.000158
[train INFO] Epoch 37/40  train_loss=0.1001  train_error=0.0439  time=104.4s
[train INFO]   >> val_loss=0.1158  val_error=0.0467
[train INFO]   Checkpoint saved: ./output/04-07_grasp_dataset_f_0.4_tilt_CE_th0.002_a0.5_0.5/epoch_037.pt
[train INFO]   [epoch 38 step 208000] loss=0.2166batch_acc=0.938  lr=0.000150
[train INFO]   [epoch 38 step 209600] loss=0.1017batch_acc=0.953  lr=0.000150
[train INFO]   [epoch 38 step 211200] loss=0.0521batch_acc=0.969  lr=0.000150
[train INFO]   [epoch 38 step 212800] loss=0.0356batch_acc=1.000  lr=0.000150
[train INFO] Epoch 38/40  train_loss=0.0976  train_error=0.0431  time=103.6s
[train INFO]   >> val_loss=0.1172  val_error=0.0468
[train INFO]   Checkpoint saved: ./output/04-07_grasp_dataset_f_0.4_tilt_CE_th0.002_a0.5_0.5/epoch_038.pt
[train INFO]   [epoch 39 step 214400] loss=0.1089batch_acc=0.922  lr=0.000142
[train INFO]   [epoch 39 step 216000] loss=0.1193batch_acc=0.922  lr=0.000142
[train INFO]   [epoch 39 step 217600] loss=0.1100batch_acc=0.969  lr=0.000142
[train INFO] Epoch 39/40  train_loss=0.0964  train_error=0.0427  time=104.3s
[train INFO]   >> val_loss=0.1070  val_error=0.0428
[train INFO]   Checkpoint saved: ./output/04-07_grasp_dataset_f_0.4_tilt_CE_th0.002_a0.5_0.5/epoch_039.pt
[train INFO]   [epoch 40 step 219200] loss=0.0626batch_acc=0.953  lr=0.000135
[train INFO]   [epoch 40 step 220800] loss=0.0288batch_acc=1.000  lr=0.000135
[train INFO]   [epoch 40 step 222400] loss=0.0617batch_acc=0.969  lr=0.000135
[train INFO]   [epoch 40 step 224000] loss=0.0923batch_acc=0.953  lr=0.000135
[train INFO] Epoch 40/40  train_loss=0.0944  train_error=0.0416  time=104.5s
[train INFO]   >> val_loss=0.1115  val_error=0.0446
[train INFO]   Checkpoint saved: ./output/04-07_grasp_dataset_f_0.4_tilt_CE_th0.002_a0.5_0.5/epoch_040.pt
[train INFO] ============================================================
[train INFO] Training complete. Best val_error=0.0418
[train INFO] Model saved to ./output/04-07_grasp_dataset_f_0.4_tilt_CE_th0.002_a0.5_0.5/
[train INFO] ============================================================
