[train INFO] ============================================================
[train INFO] Starting training
[train INFO] ============================================================
[train INFO]   [epoch 1 step 1600] loss=0.3837  batch_acc=0.812  lr=0.001000
[train INFO]   [epoch 1 step 3200] loss=0.3720  batch_acc=0.797  lr=0.001000
[train INFO]   [epoch 1 step 4800] loss=0.3374  batch_acc=0.859  lr=0.001000
[train INFO]   [epoch 1 step 6400] loss=0.3602  batch_acc=0.859  lr=0.001000
[train INFO]   [epoch 1 step 8000] loss=0.2464  batch_acc=0.891  lr=0.001000
[train INFO]   [epoch 1 step 9600] loss=0.2536  batch_acc=0.859  lr=0.001000
[train INFO]   [epoch 1 step 11200] loss=0.3196  batch_acc=0.875  lr=0.001000
[train INFO] Epoch 1/40  train_loss=0.3405  train_error=0.1492  time=216.0s
[train INFO]   >> val_loss=0.3013  val_error=0.1302
[train INFO]   >> New best model saved (val_error=0.1302)
[train INFO]   Checkpoint saved: ./output/grasp_dataset_tilt_CE_th0.034_a0.5_0.5/epoch_001.pt
[train INFO]   [epoch 2 step 12800] loss=0.2467  batch_acc=0.891  lr=0.000950
[train INFO]   [epoch 2 step 14400] loss=0.1895  batch_acc=0.906  lr=0.000950
[train INFO]   [epoch 2 step 16000] loss=0.3180  batch_acc=0.891  lr=0.000950
[train INFO]   [epoch 2 step 17600] loss=0.2655  batch_acc=0.891  lr=0.000950
[train INFO]   [epoch 2 step 19200] loss=0.3139  batch_acc=0.844  lr=0.000950
[train INFO]   [epoch 2 step 20800] loss=0.1980  batch_acc=0.875  lr=0.000950
[train INFO]   [epoch 2 step 22400] loss=0.1770  batch_acc=0.906  lr=0.000950
[train INFO] Epoch 2/40  train_loss=0.2665  train_error=0.1186  time=220.6s
[train INFO]   >> val_loss=0.2556  val_error=0.1115
[train INFO]   >> New best model saved (val_error=0.1115)
[train INFO]   Checkpoint saved: ./output/grasp_dataset_tilt_CE_th0.034_a0.5_0.5/epoch_002.pt
[train INFO]   [epoch 3 step 24000] loss=0.1671  batch_acc=0.953  lr=0.000902
[train INFO]   [epoch 3 step 25600] loss=0.3503  batch_acc=0.859  lr=0.000902
[train INFO]   [epoch 3 step 27200] loss=0.2496  batch_acc=0.875  lr=0.000902
[train INFO]   [epoch 3 step 28800] loss=0.4393  batch_acc=0.875  lr=0.000902
[train INFO]   [epoch 3 step 30400] loss=0.2015  batch_acc=0.891  lr=0.000902
[train INFO]   [epoch 3 step 32000] loss=0.1729  batch_acc=0.891  lr=0.000902
[train INFO]   [epoch 3 step 33600] loss=0.2579  batch_acc=0.859  lr=0.000902
[train INFO]   [epoch 3 step 35200] loss=0.2320  batch_acc=0.875  lr=0.000902
[train INFO] Epoch 3/40  train_loss=0.2383  train_error=0.1063  time=220.7s
[train INFO]   >> val_loss=0.2300  val_error=0.0998
[train INFO]   >> New best model saved (val_error=0.0998)
[train INFO]   Checkpoint saved: ./output/grasp_dataset_tilt_CE_th0.034_a0.5_0.5/epoch_003.pt
[train INFO]   [epoch 4 step 36800] loss=0.2124  batch_acc=0.891  lr=0.000857
[train INFO]   [epoch 4 step 38400] loss=0.2518  batch_acc=0.891  lr=0.000857
[train INFO]   [epoch 4 step 40000] loss=0.2326  batch_acc=0.906  lr=0.000857
[train INFO]   [epoch 4 step 41600] loss=0.2418  batch_acc=0.844  lr=0.000857
[train INFO]   [epoch 4 step 43200] loss=0.1483  batch_acc=0.938  lr=0.000857
[train INFO]   [epoch 4 step 44800] loss=0.2537  batch_acc=0.922  lr=0.000857
[train INFO]   [epoch 4 step 46400] loss=0.0839  batch_acc=0.969  lr=0.000857
[train INFO] Epoch 4/40  train_loss=0.2198  train_error=0.0978  time=220.9s
[train INFO]   >> val_loss=0.2094  val_error=0.0910
[train INFO]   >> New best model saved (val_error=0.0910)
[train INFO]   Checkpoint saved: ./output/grasp_dataset_tilt_CE_th0.034_a0.5_0.5/epoch_004.pt
[train INFO]   [epoch 5 step 48000] loss=0.2184  batch_acc=0.906  lr=0.000815
[train INFO]   [epoch 5 step 49600] loss=0.3644  batch_acc=0.844  lr=0.000815
[train INFO]   [epoch 5 step 51200] loss=0.2127  batch_acc=0.891  lr=0.000815
[train INFO]   [epoch 5 step 52800] loss=0.1503  batch_acc=0.922  lr=0.000815
[train INFO]   [epoch 5 step 54400] loss=0.2337  batch_acc=0.906  lr=0.000815
[train INFO]   [epoch 5 step 56000] loss=0.1627  batch_acc=0.938  lr=0.000815
[train INFO]   [epoch 5 step 57600] loss=0.1624  batch_acc=0.922  lr=0.000815
[train INFO]   [epoch 5 step 59200] loss=0.1942  batch_acc=0.938  lr=0.000815
[train INFO] Epoch 5/40  train_loss=0.2074  train_error=0.0928  time=220.7s
[train INFO]   >> val_loss=0.2281  val_error=0.1012
[train INFO]   Checkpoint saved: ./output/grasp_dataset_tilt_CE_th0.034_a0.5_0.5/epoch_005.pt
[train INFO]   [epoch 6 step 60800] loss=0.1191  batch_acc=0.922  lr=0.000774
[train INFO]   [epoch 6 step 62400] loss=0.1802  batch_acc=0.922  lr=0.000774
[train INFO]   [epoch 6 step 64000] loss=0.1138  batch_acc=0.969  lr=0.000774
[train INFO]   [epoch 6 step 65600] loss=0.1732  batch_acc=0.938  lr=0.000774
[train INFO]   [epoch 6 step 67200] loss=0.1748  batch_acc=0.922  lr=0.000774
[train INFO]   [epoch 6 step 68800] loss=0.1209  batch_acc=0.938  lr=0.000774
[train INFO]   [epoch 6 step 70400] loss=0.2152  batch_acc=0.844  lr=0.000774
[train INFO] Epoch 6/40  train_loss=0.1974  train_error=0.0887  time=220.8s
[train INFO]   >> val_loss=0.1986  val_error=0.0836
[train INFO]   >> New best model saved (val_error=0.0836)
[train INFO]   Checkpoint saved: ./output/grasp_dataset_tilt_CE_th0.034_a0.5_0.5/epoch_006.pt
[train INFO]   [epoch 7 step 72000] loss=0.2326  batch_acc=0.844  lr=0.000735
[train INFO]   [epoch 7 step 73600] loss=0.0813  batch_acc=0.969  lr=0.000735
[train INFO]   [epoch 7 step 75200] loss=0.1425  batch_acc=0.938  lr=0.000735
[train INFO]   [epoch 7 step 76800] loss=0.0628  batch_acc=0.969  lr=0.000735
[train INFO]   [epoch 7 step 78400] loss=0.1711  batch_acc=0.906  lr=0.000735
[train INFO]   [epoch 7 step 80000] loss=0.2206  batch_acc=0.891  lr=0.000735
[train INFO]   [epoch 7 step 81600] loss=0.1836  batch_acc=0.922  lr=0.000735
[train INFO]   [epoch 7 step 83200] loss=0.1682  batch_acc=0.953  lr=0.000735
[train INFO] Epoch 7/40  train_loss=0.1951  train_error=0.0857  time=220.0s
[train INFO]   >> val_loss=0.2077  val_error=0.0904
[train INFO]   Checkpoint saved: ./output/grasp_dataset_tilt_CE_th0.034_a0.5_0.5/epoch_007.pt
[train INFO]   [epoch 8 step 84800] loss=0.2300  batch_acc=0.875  lr=0.000698
[train INFO]   [epoch 8 step 86400] loss=0.2623  batch_acc=0.859  lr=0.000698
[train INFO]   [epoch 8 step 88000] loss=0.2823  batch_acc=0.859  lr=0.000698
[train INFO]   [epoch 8 step 89600] loss=0.2010  batch_acc=0.875  lr=0.000698
[train INFO]   [epoch 8 step 91200] loss=0.1859  batch_acc=0.922  lr=0.000698
[train INFO]   [epoch 8 step 92800] loss=0.1496  batch_acc=0.906  lr=0.000698
[train INFO]   [epoch 8 step 94400] loss=0.2712  batch_acc=0.875  lr=0.000698
[train INFO] Epoch 8/40  train_loss=0.1843  train_error=0.0824  time=220.4s
[train INFO]   >> val_loss=0.2010  val_error=0.0883
[train INFO]   Checkpoint saved: ./output/grasp_dataset_tilt_CE_th0.034_a0.5_0.5/epoch_008.pt
[train INFO]   [epoch 9 step 96000] loss=0.1003  batch_acc=0.938  lr=0.000663
[train INFO]   [epoch 9 step 97600] loss=0.0765  batch_acc=0.969  lr=0.000663
[train INFO]   [epoch 9 step 99200] loss=0.2727  batch_acc=0.922  lr=0.000663
[train INFO]   [epoch 9 step 100800] loss=0.2112  batch_acc=0.922  lr=0.000663
[train INFO]   [epoch 9 step 102400] loss=0.1970  batch_acc=0.906  lr=0.000663
[train INFO]   [epoch 9 step 104000] loss=0.1295  batch_acc=0.953  lr=0.000663
[train INFO]   [epoch 9 step 105600] loss=0.0918  batch_acc=0.938  lr=0.000663
[train INFO] Epoch 9/40  train_loss=0.1778  train_error=0.0799  time=220.5s
[train INFO]   >> val_loss=0.2176  val_error=0.0929
[train INFO]   Checkpoint saved: ./output/grasp_dataset_tilt_CE_th0.034_a0.5_0.5/epoch_009.pt
[train INFO]   [epoch 10 step 107200] loss=0.2081  batch_acc=0.938  lr=0.000630
[train INFO]   [epoch 10 step 108800] loss=0.1681  batch_acc=0.938  lr=0.000630
[train INFO]   [epoch 10 step 110400] loss=0.1041  batch_acc=0.969  lr=0.000630
[train INFO]   [epoch 10 step 112000] loss=0.3243  batch_acc=0.812  lr=0.000630
[train INFO]   [epoch 10 step 113600] loss=0.2672  batch_acc=0.875  lr=0.000630
[train INFO]   [epoch 10 step 115200] loss=0.0969  batch_acc=0.953  lr=0.000630
[train INFO]   [epoch 10 step 116800] loss=0.1764  batch_acc=0.953  lr=0.000630
[train INFO]   [epoch 10 step 118400] loss=0.1511  batch_acc=0.953  lr=0.000630
[train INFO] Epoch 10/40  train_loss=0.1726  train_error=0.0775  time=220.4s
[train INFO]   >> val_loss=0.1953  val_error=0.0858
[train INFO]   Checkpoint saved: ./output/grasp_dataset_tilt_CE_th0.034_a0.5_0.5/epoch_010.pt
[train INFO]   [epoch 11 step 120000] loss=0.2277  batch_acc=0.891  lr=0.000599
[train INFO]   [epoch 11 step 121600] loss=0.1511  batch_acc=0.938  lr=0.000599
[train INFO]   [epoch 11 step 123200] loss=0.3449  batch_acc=0.875  lr=0.000599
[train INFO]   [epoch 11 step 124800] loss=0.1959  batch_acc=0.891  lr=0.000599
[train INFO]   [epoch 11 step 126400] loss=0.1833  batch_acc=0.891  lr=0.000599
[train INFO]   [epoch 11 step 128000] loss=0.2394  batch_acc=0.875  lr=0.000599
[train INFO]   [epoch 11 step 129600] loss=0.1734  batch_acc=0.969  lr=0.000599
[train INFO] Epoch 11/40  train_loss=0.1685  train_error=0.0753  time=220.5s
[train INFO]   >> val_loss=0.1678  val_error=0.0715
[train INFO]   >> New best model saved (val_error=0.0715)
[train INFO]   Checkpoint saved: ./output/grasp_dataset_tilt_CE_th0.034_a0.5_0.5/epoch_011.pt
[train INFO]   [epoch 12 step 131200] loss=0.0881  batch_acc=0.953  lr=0.000569
[train INFO]   [epoch 12 step 132800] loss=0.1409  batch_acc=0.922  lr=0.000569
[train INFO]   [epoch 12 step 134400] loss=0.1232  batch_acc=0.938  lr=0.000569
[train INFO]   [epoch 12 step 136000] loss=0.2106  batch_acc=0.891  lr=0.000569
[train INFO]   [epoch 12 step 137600] loss=0.0964  batch_acc=0.938  lr=0.000569
[train INFO]   [epoch 12 step 139200] loss=0.1627  batch_acc=0.922  lr=0.000569
[train INFO]   [epoch 12 step 140800] loss=0.1581  batch_acc=0.969  lr=0.000569
[train INFO]   [epoch 12 step 142400] loss=0.1636  batch_acc=0.922  lr=0.000569
[train INFO] Epoch 12/40  train_loss=0.1637  train_error=0.0732  time=220.5s
[train INFO]   >> val_loss=0.1614  val_error=0.0694
[train INFO]   >> New best model saved (val_error=0.0694)
[train INFO]   Checkpoint saved: ./output/grasp_dataset_tilt_CE_th0.034_a0.5_0.5/epoch_012.pt
[train INFO]   [epoch 13 step 144000] loss=0.1068  batch_acc=0.953  lr=0.000540
[train INFO]   [epoch 13 step 145600] loss=0.2031  batch_acc=0.859  lr=0.000540
[train INFO]   [epoch 13 step 147200] loss=0.1000  batch_acc=0.938  lr=0.000540
[train INFO]   [epoch 13 step 148800] loss=0.1219  batch_acc=0.938  lr=0.000540
[train INFO]   [epoch 13 step 150400] loss=0.1099  batch_acc=0.938  lr=0.000540
[train INFO]   [epoch 13 step 152000] loss=0.3351  batch_acc=0.875  lr=0.000540
[train INFO]   [epoch 13 step 153600] loss=0.0966  batch_acc=0.953  lr=0.000540
[train INFO] Epoch 13/40  train_loss=0.1603  train_error=0.0720  time=220.2s
[train INFO]   >> val_loss=0.1643  val_error=0.0715
[train INFO]   Checkpoint saved: ./output/grasp_dataset_tilt_CE_th0.034_a0.5_0.5/epoch_013.pt
[train INFO]   [epoch 14 step 155200] loss=0.2597  batch_acc=0.812  lr=0.000513
[train INFO]   [epoch 14 step 156800] loss=0.0787  batch_acc=0.953  lr=0.000513
[train INFO]   [epoch 14 step 158400] loss=0.0454  batch_acc=0.969  lr=0.000513
[train INFO]   [epoch 14 step 160000] loss=0.0903  batch_acc=0.969  lr=0.000513
[train INFO]   [epoch 14 step 161600] loss=0.1459  batch_acc=0.953  lr=0.000513
[train INFO]   [epoch 14 step 163200] loss=0.0923  batch_acc=0.953  lr=0.000513
[train INFO]   [epoch 14 step 164800] loss=0.1988  batch_acc=0.891  lr=0.000513
[train INFO]   [epoch 14 step 166400] loss=0.1363  batch_acc=0.922  lr=0.000513
[train INFO] Epoch 14/40  train_loss=0.1591  train_error=0.0710  time=221.1s
[train INFO]   >> val_loss=0.1815  val_error=0.0787
[train INFO]   Checkpoint saved: ./output/grasp_dataset_tilt_CE_th0.034_a0.5_0.5/epoch_014.pt
[train INFO]   [epoch 15 step 168000] loss=0.1766  batch_acc=0.938  lr=0.000488
[train INFO]   [epoch 15 step 169600] loss=0.1108  batch_acc=0.938  lr=0.000488
[train INFO]   [epoch 15 step 171200] loss=0.1921  batch_acc=0.891  lr=0.000488
[train INFO]   [epoch 15 step 172800] loss=0.0996  batch_acc=0.969  lr=0.000488
[train INFO]   [epoch 15 step 174400] loss=0.1157  batch_acc=0.953  lr=0.000488
[train INFO]   [epoch 15 step 176000] loss=0.1468  batch_acc=0.938  lr=0.000488
[train INFO]   [epoch 15 step 177600] loss=0.0733  batch_acc=0.984  lr=0.000488
[train INFO] Epoch 15/40  train_loss=0.2101  train_error=0.0703  time=220.5s
[train INFO]   >> val_loss=0.1712  val_error=0.0748
[train INFO]   Checkpoint saved: ./output/grasp_dataset_tilt_CE_th0.034_a0.5_0.5/epoch_015.pt
[train INFO]   [epoch 16 step 179200] loss=0.2293  batch_acc=0.922  lr=0.000463
[train INFO]   [epoch 16 step 180800] loss=0.1678  batch_acc=0.922  lr=0.000463
[train INFO]   [epoch 16 step 182400] loss=0.1977  batch_acc=0.891  lr=0.000463
[train INFO]   [epoch 16 step 184000] loss=0.1228  batch_acc=0.922  lr=0.000463
[train INFO]   [epoch 16 step 185600] loss=0.0879  batch_acc=0.953  lr=0.000463
[train INFO]   [epoch 16 step 187200] loss=0.1789  batch_acc=0.938  lr=0.000463
[train INFO]   [epoch 16 step 188800] loss=0.2015  batch_acc=0.906  lr=0.000463
[train INFO] Epoch 16/40  train_loss=0.1511  train_error=0.0677  time=220.8s
[train INFO]   >> val_loss=0.1420  val_error=0.0613
[train INFO]   >> New best model saved (val_error=0.0613)
[train INFO]   Checkpoint saved: ./output/grasp_dataset_tilt_CE_th0.034_a0.5_0.5/epoch_016.pt
[train INFO]   [epoch 17 step 190400] loss=0.2093  batch_acc=0.891  lr=0.000440
[train INFO]   [epoch 17 step 192000] loss=0.1297  batch_acc=0.938  lr=0.000440
[train INFO]   [epoch 17 step 193600] loss=0.1536  batch_acc=0.938  lr=0.000440
[train INFO]   [epoch 17 step 195200] loss=0.2239  batch_acc=0.906  lr=0.000440
[train INFO]   [epoch 17 step 196800] loss=0.0659  batch_acc=0.969  lr=0.000440
[train INFO]   [epoch 17 step 198400] loss=0.2690  batch_acc=0.859  lr=0.000440
[train INFO]   [epoch 17 step 200000] loss=0.1347  batch_acc=0.953  lr=0.000440
[train INFO]   [epoch 17 step 201600] loss=0.1349  batch_acc=0.984  lr=0.000440
[train INFO] Epoch 17/40  train_loss=0.1481  train_error=0.0663  time=220.5s
[train INFO]   >> val_loss=0.1618  val_error=0.0684
[train INFO]   Checkpoint saved: ./output/grasp_dataset_tilt_CE_th0.034_a0.5_0.5/epoch_017.pt
[train INFO]   [epoch 18 step 203200] loss=0.2557  batch_acc=0.922  lr=0.000418
[train INFO]   [epoch 18 step 204800] loss=0.1252  batch_acc=0.938  lr=0.000418
[train INFO]   [epoch 18 step 206400] loss=0.2731  batch_acc=0.859  lr=0.000418
[train INFO]   [epoch 18 step 208000] loss=0.1584  batch_acc=0.953  lr=0.000418
[train INFO]   [epoch 18 step 209600] loss=0.1608  batch_acc=0.922  lr=0.000418
[train INFO]   [epoch 18 step 211200] loss=0.1377  batch_acc=0.938  lr=0.000418
[train INFO]   [epoch 18 step 212800] loss=0.1964  batch_acc=0.906  lr=0.000418
[train INFO] Epoch 18/40  train_loss=0.1541  train_error=0.0661  time=220.6s
[train INFO]   >> val_loss=0.1514  val_error=0.0653
[train INFO]   Checkpoint saved: ./output/grasp_dataset_tilt_CE_th0.034_a0.5_0.5/epoch_018.pt
[train INFO]   [epoch 19 step 214400] loss=0.1093  batch_acc=0.938  lr=0.000397
[train INFO]   [epoch 19 step 216000] loss=0.0699  batch_acc=0.984  lr=0.000397
[train INFO]   [epoch 19 step 217600] loss=0.1496  batch_acc=0.906  lr=0.000397
[train INFO]   [epoch 19 step 219200] loss=0.0811  batch_acc=0.969  lr=0.000397
[train INFO]   [epoch 19 step 220800] loss=0.1008  batch_acc=0.969  lr=0.000397
[train INFO]   [epoch 19 step 222400] loss=0.1073  batch_acc=0.953  lr=0.000397
[train INFO]   [epoch 19 step 224000] loss=0.1513  batch_acc=0.938  lr=0.000397
[train INFO]   [epoch 19 step 225600] loss=0.0750  batch_acc=0.984  lr=0.000397
[train INFO] Epoch 19/40  train_loss=0.1432  train_error=0.0639  time=221.0s
[train INFO]   >> val_loss=0.1550  val_error=0.0666
[train INFO]   Checkpoint saved: ./output/grasp_dataset_tilt_CE_th0.034_a0.5_0.5/epoch_019.pt
[train INFO]   [epoch 20 step 227200] loss=0.1206  batch_acc=0.969  lr=0.000377
[train INFO]   [epoch 20 step 228800] loss=0.0840  batch_acc=0.969  lr=0.000377
[train INFO]   [epoch 20 step 230400] loss=0.1665  batch_acc=0.922  lr=0.000377
[train INFO]   [epoch 20 step 232000] loss=0.3468  batch_acc=0.906  lr=0.000377
[train INFO]   [epoch 20 step 233600] loss=0.1036  batch_acc=0.953  lr=0.000377
[train INFO]   [epoch 20 step 235200] loss=0.0821  batch_acc=0.984  lr=0.000377
[train INFO]   [epoch 20 step 236800] loss=0.1359  batch_acc=0.922  lr=0.000377
[train INFO] Epoch 20/40  train_loss=0.1410  train_error=0.0629  time=220.3s
[train INFO]   >> val_loss=0.1571  val_error=0.0664
[train INFO]   Checkpoint saved: ./output/grasp_dataset_tilt_CE_th0.034_a0.5_0.5/epoch_020.pt
[train INFO]   [epoch 21 step 238400] loss=0.2097  batch_acc=0.906  lr=0.000358
[train INFO]   [epoch 21 step 240000] loss=0.1209  batch_acc=0.922  lr=0.000358
[train INFO]   [epoch 21 step 241600] loss=0.1455  batch_acc=0.938  lr=0.000358
[train INFO]   [epoch 21 step 243200] loss=0.1206  batch_acc=0.953  lr=0.000358
[train INFO]   [epoch 21 step 244800] loss=0.1906  batch_acc=0.938  lr=0.000358
[train INFO]   [epoch 21 step 246400] loss=0.2013  batch_acc=0.906  lr=0.000358
[train INFO]   [epoch 21 step 248000] loss=0.1346  batch_acc=0.938  lr=0.000358
[train INFO]   [epoch 21 step 249600] loss=0.0961  batch_acc=0.969  lr=0.000358
[train INFO] Epoch 21/40  train_loss=0.1380  train_error=0.0616  time=220.7s
[train INFO]   >> val_loss=0.1471  val_error=0.0620
[train INFO]   Checkpoint saved: ./output/grasp_dataset_tilt_CE_th0.034_a0.5_0.5/epoch_021.pt
[train INFO]   [epoch 22 step 251200] loss=0.2331  batch_acc=0.906  lr=0.000341
[train INFO]   [epoch 22 step 252800] loss=0.0964  batch_acc=0.953  lr=0.000341
[train INFO]   [epoch 22 step 254400] loss=0.0713  batch_acc=0.969  lr=0.000341
[train INFO]   [epoch 22 step 256000] loss=0.1759  batch_acc=0.891  lr=0.000341
[train INFO]   [epoch 22 step 257600] loss=0.1238  batch_acc=0.953  lr=0.000341
[train INFO]   [epoch 22 step 259200] loss=0.2109  batch_acc=0.906  lr=0.000341
[train INFO]   [epoch 22 step 260800] loss=0.1493  batch_acc=0.953  lr=0.000341
[train INFO] Epoch 22/40  train_loss=0.1367  train_error=0.0609  time=220.5s
[train INFO]   >> val_loss=0.1385  val_error=0.0591
[train INFO]   >> New best model saved (val_error=0.0591)
[train INFO]   Checkpoint saved: ./output/grasp_dataset_tilt_CE_th0.034_a0.5_0.5/epoch_022.pt
[train INFO]   [epoch 23 step 262400] loss=0.1407  batch_acc=0.953  lr=0.000324
[train INFO]   [epoch 23 step 264000] loss=0.1967  batch_acc=0.922  lr=0.000324
[train INFO]   [epoch 23 step 265600] loss=0.0878  batch_acc=0.969  lr=0.000324
[train INFO]   [epoch 23 step 267200] loss=0.2275  batch_acc=0.922  lr=0.000324
[train INFO]   [epoch 23 step 268800] loss=0.2531  batch_acc=0.906  lr=0.000324
[train INFO]   [epoch 23 step 270400] loss=0.1422  batch_acc=0.938  lr=0.000324
[train INFO]   [epoch 23 step 272000] loss=0.0603  batch_acc=0.969  lr=0.000324
[train INFO] Epoch 23/40  train_loss=0.1346  train_error=0.0599  time=220.6s
[train INFO]   >> val_loss=0.1491  val_error=0.0632
[train INFO]   Checkpoint saved: ./output/grasp_dataset_tilt_CE_th0.034_a0.5_0.5/epoch_023.pt
[train INFO]   [epoch 24 step 273600] loss=0.0777  batch_acc=1.000  lr=0.000307
[train INFO]   [epoch 24 step 275200] loss=0.1583  batch_acc=0.906  lr=0.000307
[train INFO]   [epoch 24 step 276800] loss=0.0732  batch_acc=0.984  lr=0.000307
[train INFO]   [epoch 24 step 278400] loss=0.2008  batch_acc=0.891  lr=0.000307
[train INFO]   [epoch 24 step 280000] loss=0.1663  batch_acc=0.922  lr=0.000307
[train INFO]   [epoch 24 step 281600] loss=0.1460  batch_acc=0.906  lr=0.000307
[train INFO]   [epoch 24 step 283200] loss=0.1110  batch_acc=0.953  lr=0.000307
[train INFO]   [epoch 24 step 284800] loss=0.1310  batch_acc=0.922  lr=0.000307
[train INFO] Epoch 24/40  train_loss=0.1321  train_error=0.0591  time=220.2s
[train INFO]   >> val_loss=0.1388  val_error=0.0588
[train INFO]   >> New best model saved (val_error=0.0588)
[train INFO]   Checkpoint saved: ./output/grasp_dataset_tilt_CE_th0.034_a0.5_0.5/epoch_024.pt
[train INFO]   [epoch 25 step 286400] loss=0.0871  batch_acc=0.969  lr=0.000292
[train INFO]   [epoch 25 step 288000] loss=0.0972  batch_acc=0.938  lr=0.000292
[train INFO]   [epoch 25 step 289600] loss=0.0886  batch_acc=0.938  lr=0.000292
[train INFO]   [epoch 25 step 291200] loss=0.0714  batch_acc=0.984  lr=0.000292
[train INFO]   [epoch 25 step 292800] loss=0.1713  batch_acc=0.906  lr=0.000292
[train INFO]   [epoch 25 step 294400] loss=0.0796  batch_acc=0.984  lr=0.000292
[train INFO]   [epoch 25 step 296000] loss=0.1242  batch_acc=0.953  lr=0.000292
[train INFO] Epoch 25/40  train_loss=0.1316  train_error=0.0580  time=220.1s
[train INFO]   >> val_loss=0.1861  val_error=0.0566
[train INFO]   >> New best model saved (val_error=0.0566)
[train INFO]   Checkpoint saved: ./output/grasp_dataset_tilt_CE_th0.034_a0.5_0.5/epoch_025.pt
[train INFO]   [epoch 26 step 297600] loss=0.1220  batch_acc=0.938  lr=0.000277
[train INFO]   [epoch 26 step 299200] loss=0.0988  batch_acc=0.953  lr=0.000277
[train INFO]   [epoch 26 step 300800] loss=0.0859  batch_acc=0.969  lr=0.000277
[train INFO]   [epoch 26 step 302400] loss=0.1474  batch_acc=0.922  lr=0.000277
[train INFO]   [epoch 26 step 304000] loss=0.0920  batch_acc=0.953  lr=0.000277
[train INFO]   [epoch 26 step 305600] loss=0.1103  batch_acc=0.953  lr=0.000277
[train INFO]   [epoch 26 step 307200] loss=0.0966  batch_acc=0.953  lr=0.000277
[train INFO]   [epoch 26 step 308800] loss=0.1917  batch_acc=0.906  lr=0.000277
[train INFO] Epoch 26/40  train_loss=0.1519  train_error=0.0580  time=220.3s
[train INFO]   >> val_loss=0.1636  val_error=0.0676
[train INFO]   Checkpoint saved: ./output/grasp_dataset_tilt_CE_th0.034_a0.5_0.5/epoch_026.pt
[train INFO]   [epoch 27 step 310400] loss=0.2058  batch_acc=0.906  lr=0.000264
[train INFO]   [epoch 27 step 312000] loss=0.0956  batch_acc=0.969  lr=0.000264
[train INFO]   [epoch 27 step 313600] loss=0.1746  batch_acc=0.922  lr=0.000264
[train INFO]   [epoch 27 step 315200] loss=0.0789  batch_acc=0.953  lr=0.000264
[train INFO]   [epoch 27 step 316800] loss=0.0812  batch_acc=0.938  lr=0.000264
[train INFO]   [epoch 27 step 318400] loss=0.1426  batch_acc=0.938  lr=0.000264
[train INFO]   [epoch 27 step 320000] loss=0.1676  batch_acc=0.891  lr=0.000264
[train INFO] Epoch 27/40  train_loss=0.1331  train_error=0.0578  time=220.5s
[train INFO]   >> val_loss=0.1366  val_error=0.0568
[train INFO]   Checkpoint saved: ./output/grasp_dataset_tilt_CE_th0.034_a0.5_0.5/epoch_027.pt
[train INFO]   [epoch 28 step 321600] loss=0.1592  batch_acc=0.922  lr=0.000250
[train INFO]   [epoch 28 step 323200] loss=0.1110  batch_acc=0.953  lr=0.000250
[train INFO]   [epoch 28 step 324800] loss=0.1224  batch_acc=0.922  lr=0.000250
[train INFO]   [epoch 28 step 326400] loss=0.1292  batch_acc=0.969  lr=0.000250
[train INFO]   [epoch 28 step 328000] loss=0.2490  batch_acc=0.906  lr=0.000250
[train INFO]   [epoch 28 step 329600] loss=0.1187  batch_acc=0.922  lr=0.000250
[train INFO]   [epoch 28 step 331200] loss=0.0598  batch_acc=0.969  lr=0.000250
[train INFO]   [epoch 28 step 332800] loss=0.2415  batch_acc=0.922  lr=0.000250
[train INFO] Epoch 28/40  train_loss=0.1258  train_error=0.0562  time=220.3s
[train INFO]   >> val_loss=0.1832  val_error=0.0571
[train INFO]   Checkpoint saved: ./output/grasp_dataset_tilt_CE_th0.034_a0.5_0.5/epoch_028.pt
[train INFO]   [epoch 29 step 334400] loss=0.1188  batch_acc=0.969  lr=0.000238
[train INFO]   [epoch 29 step 336000] loss=0.0784  batch_acc=0.969  lr=0.000238
[train INFO]   [epoch 29 step 337600] loss=0.1438  batch_acc=0.938  lr=0.000238
[train INFO]   [epoch 29 step 339200] loss=0.1809  batch_acc=0.922  lr=0.000238
[train INFO]   [epoch 29 step 340800] loss=0.2153  batch_acc=0.891  lr=0.000238
[train INFO]   [epoch 29 step 342400] loss=0.1842  batch_acc=0.938  lr=0.000238
[train INFO]   [epoch 29 step 344000] loss=0.1583  batch_acc=0.922  lr=0.000238
[train INFO] Epoch 29/40  train_loss=0.1243  train_error=0.0553  time=220.2s
[train INFO]   >> val_loss=0.1353  val_error=0.0538
[train INFO]   >> New best model saved (val_error=0.0538)
[train INFO]   Checkpoint saved: ./output/grasp_dataset_tilt_CE_th0.034_a0.5_0.5/epoch_029.pt
[train INFO]   [epoch 30 step 345600] loss=0.1553  batch_acc=0.906  lr=0.000226
[train INFO]   [epoch 30 step 347200] loss=0.1604  batch_acc=0.953  lr=0.000226
[train INFO]   [epoch 30 step 348800] loss=0.1446  batch_acc=0.906  lr=0.000226
[train INFO]   [epoch 30 step 350400] loss=0.0378  batch_acc=1.000  lr=0.000226
[train INFO]   [epoch 30 step 352000] loss=0.0393  batch_acc=0.984  lr=0.000226
[train INFO]   [epoch 30 step 353600] loss=0.0729  batch_acc=0.969  lr=0.000226
[train INFO]   [epoch 30 step 355200] loss=0.0852  batch_acc=0.953  lr=0.000226
[train INFO] Epoch 30/40  train_loss=0.1241  train_error=0.0550  time=220.2s
[train INFO]   >> val_loss=0.3394  val_error=0.0548
[train INFO]   Checkpoint saved: ./output/grasp_dataset_tilt_CE_th0.034_a0.5_0.5/epoch_030.pt
[train INFO]   [epoch 31 step 356800] loss=0.0752  batch_acc=0.969  lr=0.000215
[train INFO]   [epoch 31 step 358400] loss=0.0750  batch_acc=0.969  lr=0.000215
[train INFO]   [epoch 31 step 360000] loss=0.0764  batch_acc=0.984  lr=0.000215
[train INFO]   [epoch 31 step 361600] loss=0.1679  batch_acc=0.906  lr=0.000215
[train INFO]   [epoch 31 step 363200] loss=0.1954  batch_acc=0.891  lr=0.000215
[train INFO]   [epoch 31 step 364800] loss=0.0982  batch_acc=0.938  lr=0.000215
[train INFO]   [epoch 31 step 366400] loss=0.2420  batch_acc=0.906  lr=0.000215
[train INFO]   [epoch 31 step 368000] loss=0.1148  batch_acc=0.969  lr=0.000215
[train INFO] Epoch 31/40  train_loss=0.1214  train_error=0.0538  time=220.3s
[train INFO]   >> val_loss=0.8244  val_error=0.0544
[train INFO]   Checkpoint saved: ./output/grasp_dataset_tilt_CE_th0.034_a0.5_0.5/epoch_031.pt
[train INFO]   [epoch 32 step 369600] loss=0.1212  batch_acc=0.938  lr=0.000204
[train INFO]   [epoch 32 step 371200] loss=0.1023  batch_acc=0.938  lr=0.000204
[train INFO]   [epoch 32 step 372800] loss=0.0468  batch_acc=1.000  lr=0.000204
[train INFO]   [epoch 32 step 374400] loss=0.2057  batch_acc=0.891  lr=0.000204
[train INFO]   [epoch 32 step 376000] loss=0.0550  batch_acc=0.984  lr=0.000204
[train INFO]   [epoch 32 step 377600] loss=0.0830  batch_acc=0.969  lr=0.000204
[train INFO]   [epoch 32 step 379200] loss=0.1262  batch_acc=0.969  lr=0.000204
[train INFO] Epoch 32/40  train_loss=0.1196  train_error=0.0531  time=220.6s
[train INFO]   >> val_loss=0.1400  val_error=0.0591
[train INFO]   Checkpoint saved: ./output/grasp_dataset_tilt_CE_th0.034_a0.5_0.5/epoch_032.pt
[train INFO]   [epoch 33 step 380800] loss=0.1282  batch_acc=0.953  lr=0.000194
[train INFO]   [epoch 33 step 382400] loss=0.1020  batch_acc=0.984  lr=0.000194
[train INFO]   [epoch 33 step 384000] loss=0.1542  batch_acc=0.922  lr=0.000194
[train INFO]   [epoch 33 step 385600] loss=0.1323  batch_acc=0.938  lr=0.000194
[train INFO]   [epoch 33 step 387200] loss=0.0429  batch_acc=0.969  lr=0.000194
[train INFO]   [epoch 33 step 388800] loss=0.1070  batch_acc=0.969  lr=0.000194
[train INFO]   [epoch 33 step 390400] loss=0.0619  batch_acc=0.984  lr=0.000194
[train INFO]   [epoch 33 step 392000] loss=0.1123  batch_acc=0.953  lr=0.000194
[train INFO] Epoch 33/40  train_loss=0.1193  train_error=0.0527  time=221.1s
[train INFO]   >> val_loss=2.1269  val_error=0.0519
[train INFO]   >> New best model saved (val_error=0.0519)
[train INFO]   Checkpoint saved: ./output/grasp_dataset_tilt_CE_th0.034_a0.5_0.5/epoch_033.pt
[train INFO]   [epoch 34 step 393600] loss=0.1600  batch_acc=0.906  lr=0.000184
[train INFO]   [epoch 34 step 395200] loss=0.1139  batch_acc=0.938  lr=0.000184
[train INFO]   [epoch 34 step 396800] loss=0.1082  batch_acc=0.969  lr=0.000184
[train INFO]   [epoch 34 step 398400] loss=0.1320  batch_acc=0.938  lr=0.000184
[train INFO]   [epoch 34 step 400000] loss=0.1519  batch_acc=0.953  lr=0.000184
[train INFO]   [epoch 34 step 401600] loss=0.0537  batch_acc=0.984  lr=0.000184
[train INFO]   [epoch 34 step 403200] loss=0.1130  batch_acc=0.953  lr=0.000184
[train INFO] Epoch 34/40  train_loss=0.1187  train_error=0.0521  time=220.4s
[train INFO]   >> val_loss=0.2460  val_error=0.0516
[train INFO]   >> New best model saved (val_error=0.0516)
[train INFO]   Checkpoint saved: ./output/grasp_dataset_tilt_CE_th0.034_a0.5_0.5/epoch_034.pt
[train INFO]   [epoch 35 step 404800] loss=0.0562  batch_acc=0.969  lr=0.000175
[train INFO]   [epoch 35 step 406400] loss=0.0563  batch_acc=0.984  lr=0.000175
[train INFO]   [epoch 35 step 408000] loss=0.0715  batch_acc=0.984  lr=0.000175
[train INFO]   [epoch 35 step 409600] loss=0.1066  batch_acc=0.938  lr=0.000175
[train INFO]   [epoch 35 step 411200] loss=0.0761  batch_acc=0.969  lr=0.000175
[train INFO]   [epoch 35 step 412800] loss=0.2072  batch_acc=0.922  lr=0.000175
[train INFO]   [epoch 35 step 414400] loss=0.0307  batch_acc=1.000  lr=0.000175
[train INFO]   [epoch 35 step 416000] loss=0.0587  batch_acc=1.000  lr=0.000175
[train INFO] Epoch 35/40  train_loss=0.1188  train_error=0.0517  time=220.8s
[train INFO]   >> val_loss=0.2469  val_error=0.0530
[train INFO]   Checkpoint saved: ./output/grasp_dataset_tilt_CE_th0.034_a0.5_0.5/epoch_035.pt
[train INFO]   [epoch 36 step 417600] loss=0.0992  batch_acc=0.984  lr=0.000166
[train INFO]   [epoch 36 step 419200] loss=0.1284  batch_acc=0.953  lr=0.000166
[train INFO]   [epoch 36 step 420800] loss=0.1157  batch_acc=0.953  lr=0.000166
[train INFO]   [epoch 36 step 422400] loss=0.0649  batch_acc=0.969  lr=0.000166
[train INFO]   [epoch 36 step 424000] loss=0.0777  batch_acc=0.969  lr=0.000166
[train INFO]   [epoch 36 step 425600] loss=0.0748  batch_acc=0.969  lr=0.000166
[train INFO]   [epoch 36 step 427200] loss=0.1145  batch_acc=0.953  lr=0.000166
[train INFO] Epoch 36/40  train_loss=0.1152  train_error=0.0511  time=220.6s
[train INFO]   >> val_loss=0.1649  val_error=0.0506
[train INFO]   >> New best model saved (val_error=0.0506)
[train INFO]   Checkpoint saved: ./output/grasp_dataset_tilt_CE_th0.034_a0.5_0.5/epoch_036.pt
[train INFO]   [epoch 37 step 428800] loss=0.1075  batch_acc=0.938  lr=0.000158
[train INFO]   [epoch 37 step 430400] loss=0.0873  batch_acc=0.984  lr=0.000158
[train INFO]   [epoch 37 step 432000] loss=0.0920  batch_acc=0.969  lr=0.000158
[train INFO]   [epoch 37 step 433600] loss=0.1700  batch_acc=0.906  lr=0.000158
[train INFO]   [epoch 37 step 435200] loss=0.0721  batch_acc=0.969  lr=0.000158
[train INFO]   [epoch 37 step 436800] loss=0.1137  batch_acc=0.938  lr=0.000158
[train INFO]   [epoch 37 step 438400] loss=0.0666  batch_acc=0.953  lr=0.000158
[train INFO] Epoch 37/40  train_loss=0.1147  train_error=0.0507  time=220.3s
[train INFO]   >> val_loss=0.1368  val_error=0.0580
[train INFO]   Checkpoint saved: ./output/grasp_dataset_tilt_CE_th0.034_a0.5_0.5/epoch_037.pt
[train INFO]   [epoch 38 step 440000] loss=0.1277  batch_acc=0.953  lr=0.000150
[train INFO]   [epoch 38 step 441600] loss=0.1116  batch_acc=0.906  lr=0.000150
[train INFO]   [epoch 38 step 443200] loss=0.1884  batch_acc=0.922  lr=0.000150
[train INFO]   [epoch 38 step 444800] loss=0.1416  batch_acc=0.938  lr=0.000150
[train INFO]   [epoch 38 step 446400] loss=0.0870  batch_acc=0.953  lr=0.000150
[train INFO]   [epoch 38 step 448000] loss=0.1372  batch_acc=0.922  lr=0.000150
[train INFO]   [epoch 38 step 449600] loss=0.1090  batch_acc=0.938  lr=0.000150
[train INFO]   [epoch 38 step 451200] loss=0.1003  batch_acc=0.953  lr=0.000150
[train INFO] Epoch 38/40  train_loss=0.1137  train_error=0.0500  time=220.3s
[train INFO]   >> val_loss=0.1190  val_error=0.0503
[train INFO]   >> New best model saved (val_error=0.0503)
[train INFO]   Checkpoint saved: ./output/grasp_dataset_tilt_CE_th0.034_a0.5_0.5/epoch_038.pt
[train INFO]   [epoch 39 step 452800] loss=0.0499  batch_acc=0.969  lr=0.000142
[train INFO]   [epoch 39 step 454400] loss=0.1063  batch_acc=0.922  lr=0.000142
[train INFO]   [epoch 39 step 456000] loss=0.2232  batch_acc=0.906  lr=0.000142
[train INFO]   [epoch 39 step 457600] loss=0.1631  batch_acc=0.922  lr=0.000142
[train INFO]   [epoch 39 step 459200] loss=0.1293  batch_acc=0.984  lr=0.000142
[train INFO]   [epoch 39 step 460800] loss=0.0790  batch_acc=0.969  lr=0.000142
[train INFO]   [epoch 39 step 462400] loss=0.1726  batch_acc=0.906  lr=0.000142
[train INFO] Epoch 39/40  train_loss=0.1123  train_error=0.0494  time=220.3s
[train INFO]   >> val_loss=0.3578  val_error=0.0522
[train INFO]   Checkpoint saved: ./output/grasp_dataset_tilt_CE_th0.034_a0.5_0.5/epoch_039.pt
[train INFO]   [epoch 40 step 464000] loss=0.1239  batch_acc=0.938  lr=0.000135
[train INFO]   [epoch 40 step 465600] loss=0.0698  batch_acc=0.984  lr=0.000135
[train INFO]   [epoch 40 step 467200] loss=0.0799  batch_acc=0.969  lr=0.000135
[train INFO]   [epoch 40 step 468800] loss=0.0774  batch_acc=0.984  lr=0.000135
[train INFO]   [epoch 40 step 470400] loss=0.0604  batch_acc=0.953  lr=0.000135
[train INFO]   [epoch 40 step 472000] loss=0.0441  batch_acc=0.984  lr=0.000135
[train INFO]   [epoch 40 step 473600] loss=0.1693  batch_acc=0.938  lr=0.000135
[train INFO]   [epoch 40 step 475200] loss=0.1469  batch_acc=0.922  lr=0.000135
[train INFO] Epoch 40/40  train_loss=0.1159  train_error=0.0491  time=220.6s
[train INFO]   >> val_loss=0.3746  val_error=0.0534
[train INFO]   Checkpoint saved: ./output/grasp_dataset_tilt_CE_th0.034_a0.5_0.5/epoch_040.pt
[train INFO] ============================================================
[train INFO] Training complete. Best val_error=0.0503
[train INFO] Model saved to ./output/grasp_dataset_tilt_CE_th0.034_a0.5_0.5/
[train INFO] ============================================================
