[train INFO] ============================================================
[train INFO] Starting training
[train INFO] ============================================================
[train INFO] Config: {'train_batch_size': 64, 'val_batch_size': 64, 'num_epochs': 40, 'train_pct': 0.8, 'base_lr': 0.001, 'momentum': 0.9, 'weight_decay': 0.0005, 'decay_rate': 0.95, 'drop_rate': 0.0, 'metric_thresh': 0.002, 'eval_frequency': 1, 'save_frequency': 1, 'log_frequency': 1600, 'num_random_files': 10000, 'seed': 24098, 'alpha': [0.5, 0.5], 'loss': 'CE'}
[train INFO]   [epoch 1 step 1600] loss=0.5303batch_acc=0.750  lr=0.001000
[train INFO] Epoch 1/40  train_loss=0.4209  train_error=0.1979  time=47.1s
[train INFO]   >> val_loss=0.2484  val_error=0.1033
[train INFO]   >> New best model saved (val_error=0.1033)
[train INFO]   Checkpoint saved: ./output/04-10_15-49_grasp_dataset_0408_CE_th0.002_a0.5_0.5/epoch_001.pt
[train INFO]   [epoch 2 step 3200] loss=0.3530batch_acc=0.844  lr=0.000950
[train INFO]   [epoch 2 step 4800] loss=0.3199batch_acc=0.828  lr=0.000950
[train INFO] Epoch 2/40  train_loss=0.3291  train_error=0.1560  time=47.0s
[train INFO]   >> val_loss=0.3916  val_error=0.1966
[train INFO]   Checkpoint saved: ./output/04-10_15-49_grasp_dataset_0408_CE_th0.002_a0.5_0.5/epoch_002.pt
[train INFO]   [epoch 3 step 6400] loss=0.3255batch_acc=0.891  lr=0.000902
[train INFO] Epoch 3/40  train_loss=0.2938  train_error=0.1402  time=52.5s
[train INFO]   >> val_loss=0.2174  val_error=0.0941
[train INFO]   >> New best model saved (val_error=0.0941)
[train INFO]   Checkpoint saved: ./output/04-10_15-49_grasp_dataset_0408_CE_th0.002_a0.5_0.5/epoch_003.pt
[train INFO]   [epoch 4 step 8000] loss=0.2762batch_acc=0.891  lr=0.000857
[train INFO]   [epoch 4 step 9600] loss=0.3033batch_acc=0.844  lr=0.000857
[train INFO] Epoch 4/40  train_loss=0.2709  train_error=0.1298  time=50.6s
[train INFO]   >> val_loss=0.2271  val_error=0.0980
[train INFO]   Checkpoint saved: ./output/04-10_15-49_grasp_dataset_0408_CE_th0.002_a0.5_0.5/epoch_004.pt
[train INFO]   [epoch 5 step 11200] loss=0.4180batch_acc=0.859  lr=0.000815
[train INFO]   [epoch 5 step 12800] loss=0.3818batch_acc=0.750  lr=0.000815
[train INFO] Epoch 5/40  train_loss=0.2524  train_error=0.1227  time=51.2s
[train INFO]   >> val_loss=0.3396  val_error=0.1565
[train INFO]   Checkpoint saved: ./output/04-10_15-49_grasp_dataset_0408_CE_th0.002_a0.5_0.5/epoch_005.pt
[train INFO]   [epoch 6 step 14400] loss=0.2275batch_acc=0.891  lr=0.000774
[train INFO] Epoch 6/40  train_loss=0.2381  train_error=0.1160  time=50.4s
[train INFO]   >> val_loss=0.2063  val_error=0.0918
[train INFO]   >> New best model saved (val_error=0.0918)
[train INFO]   Checkpoint saved: ./output/04-10_15-49_grasp_dataset_0408_CE_th0.002_a0.5_0.5/epoch_006.pt
[train INFO]   [epoch 7 step 16000] loss=0.2440batch_acc=0.875  lr=0.000735
[train INFO]   [epoch 7 step 17600] loss=0.2760batch_acc=0.875  lr=0.000735
[train INFO] Epoch 7/40  train_loss=0.2249  train_error=0.1098  time=50.0s
[train INFO]   >> val_loss=0.2550  val_error=0.1092
[train INFO]   Checkpoint saved: ./output/04-10_15-49_grasp_dataset_0408_CE_th0.002_a0.5_0.5/epoch_007.pt
[train INFO]   [epoch 8 step 19200] loss=0.2920batch_acc=0.891  lr=0.000698
[train INFO] Epoch 8/40  train_loss=0.2137  train_error=0.1042  time=50.4s
[train INFO]   >> val_loss=0.1902  val_error=0.0874
[train INFO]   >> New best model saved (val_error=0.0874)
[train INFO]   Checkpoint saved: ./output/04-10_15-49_grasp_dataset_0408_CE_th0.002_a0.5_0.5/epoch_008.pt
[train INFO]   [epoch 9 step 20800] loss=0.2377batch_acc=0.859  lr=0.000663
[train INFO]   [epoch 9 step 22400] loss=0.2323batch_acc=0.859  lr=0.000663
[train INFO] Epoch 9/40  train_loss=0.2040  train_error=0.0996  time=49.9s
[train INFO]   >> val_loss=0.2201  val_error=0.0929
[train INFO]   Checkpoint saved: ./output/04-10_15-49_grasp_dataset_0408_CE_th0.002_a0.5_0.5/epoch_009.pt
[train INFO]   [epoch 10 step 24000] loss=0.2779batch_acc=0.828  lr=0.000630
[train INFO]   [epoch 10 step 25600] loss=0.1362batch_acc=0.953  lr=0.000630
[train INFO] Epoch 10/40  train_loss=0.1948  train_error=0.0954  time=50.4s
[train INFO]   >> val_loss=0.2193  val_error=0.0945
[train INFO]   Checkpoint saved: ./output/04-10_15-49_grasp_dataset_0408_CE_th0.002_a0.5_0.5/epoch_010.pt
[train INFO]   [epoch 11 step 27200] loss=0.1489batch_acc=0.906  lr=0.000599
[train INFO] Epoch 11/40  train_loss=0.1864  train_error=0.0913  time=50.6s
[train INFO]   >> val_loss=0.2553  val_error=0.1173
[train INFO]   Checkpoint saved: ./output/04-10_15-49_grasp_dataset_0408_CE_th0.002_a0.5_0.5/epoch_011.pt
[train INFO]   [epoch 12 step 28800] loss=0.1250batch_acc=0.969  lr=0.000569
[train INFO]   [epoch 12 step 30400] loss=0.1351batch_acc=0.906  lr=0.000569
[train INFO] Epoch 12/40  train_loss=0.1796  train_error=0.0875  time=50.2s
[train INFO]   >> val_loss=0.1972  val_error=0.0932
[train INFO]   Checkpoint saved: ./output/04-10_15-49_grasp_dataset_0408_CE_th0.002_a0.5_0.5/epoch_012.pt
[train INFO]   [epoch 13 step 32000] loss=0.1664batch_acc=0.953  lr=0.000540
[train INFO] Epoch 13/40  train_loss=0.1729  train_error=0.0846  time=50.9s
[train INFO]   >> val_loss=0.2012  val_error=0.0906
[train INFO]   Checkpoint saved: ./output/04-10_15-49_grasp_dataset_0408_CE_th0.002_a0.5_0.5/epoch_013.pt
[train INFO]   [epoch 14 step 33600] loss=0.2443batch_acc=0.891  lr=0.000513
[train INFO]   [epoch 14 step 35200] loss=0.1982batch_acc=0.906  lr=0.000513
[train INFO] Epoch 14/40  train_loss=0.1668  train_error=0.0818  time=50.2s
[train INFO]   >> val_loss=0.1696  val_error=0.0738
[train INFO]   >> New best model saved (val_error=0.0738)
[train INFO]   Checkpoint saved: ./output/04-10_15-49_grasp_dataset_0408_CE_th0.002_a0.5_0.5/epoch_014.pt
[train INFO]   [epoch 15 step 36800] loss=0.1637batch_acc=0.938  lr=0.000488
[train INFO]   [epoch 15 step 38400] loss=0.1408batch_acc=0.938  lr=0.000488
[train INFO] Epoch 15/40  train_loss=0.1605  train_error=0.0789  time=50.3s
[train INFO]   >> val_loss=0.2266  val_error=0.1012
[train INFO]   Checkpoint saved: ./output/04-10_15-49_grasp_dataset_0408_CE_th0.002_a0.5_0.5/epoch_015.pt
[train INFO]   [epoch 16 step 40000] loss=0.1368batch_acc=0.922  lr=0.000463
[train INFO] Epoch 16/40  train_loss=0.1563  train_error=0.0755  time=52.0s
[train INFO]   >> val_loss=0.1544  val_error=0.0639
[train INFO]   >> New best model saved (val_error=0.0639)
[train INFO]   Checkpoint saved: ./output/04-10_15-49_grasp_dataset_0408_CE_th0.002_a0.5_0.5/epoch_016.pt
[train INFO]   [epoch 17 step 41600] loss=0.1163batch_acc=0.891  lr=0.000440
[train INFO]   [epoch 17 step 43200] loss=0.1708batch_acc=0.906  lr=0.000440
[train INFO] Epoch 17/40  train_loss=0.1513  train_error=0.0737  time=49.8s
[train INFO]   >> val_loss=0.1449  val_error=0.0605
[train INFO]   >> New best model saved (val_error=0.0605)
[train INFO]   Checkpoint saved: ./output/04-10_15-49_grasp_dataset_0408_CE_th0.002_a0.5_0.5/epoch_017.pt
[train INFO]   [epoch 18 step 44800] loss=0.2368batch_acc=0.875  lr=0.000418
[train INFO] Epoch 18/40  train_loss=0.1469  train_error=0.0713  time=50.1s
[train INFO]   >> val_loss=0.1772  val_error=0.0765
[train INFO]   Checkpoint saved: ./output/04-10_15-49_grasp_dataset_0408_CE_th0.002_a0.5_0.5/epoch_018.pt
[train INFO]   [epoch 19 step 46400] loss=0.1581batch_acc=0.938  lr=0.000397
[train INFO]   [epoch 19 step 48000] loss=0.0665batch_acc=0.969  lr=0.000397
[train INFO] Epoch 19/40  train_loss=0.1427  train_error=0.0697  time=50.2s
[train INFO]   >> val_loss=0.2153  val_error=0.0972
[train INFO]   Checkpoint saved: ./output/04-10_15-49_grasp_dataset_0408_CE_th0.002_a0.5_0.5/epoch_019.pt
[train INFO]   [epoch 20 step 49600] loss=0.1266batch_acc=0.969  lr=0.000377
[train INFO]   [epoch 20 step 51200] loss=0.1557batch_acc=0.922  lr=0.000377
[train INFO] Epoch 20/40  train_loss=0.1384  train_error=0.0673  time=51.3s
[train INFO]   >> val_loss=0.1276  val_error=0.0517
[train INFO]   >> New best model saved (val_error=0.0517)
[train INFO]   Checkpoint saved: ./output/04-10_15-49_grasp_dataset_0408_CE_th0.002_a0.5_0.5/epoch_020.pt
[train INFO]   [epoch 21 step 52800] loss=0.1828batch_acc=0.891  lr=0.000358
[train INFO] Epoch 21/40  train_loss=0.1348  train_error=0.0657  time=50.9s
[train INFO]   >> val_loss=0.1470  val_error=0.0607
[train INFO]   Checkpoint saved: ./output/04-10_15-49_grasp_dataset_0408_CE_th0.002_a0.5_0.5/epoch_021.pt
[train INFO]   [epoch 22 step 54400] loss=0.1648batch_acc=0.906  lr=0.000341
[train INFO]   [epoch 22 step 56000] loss=0.1049batch_acc=0.922  lr=0.000341
[train INFO] Epoch 22/40  train_loss=0.1313  train_error=0.0637  time=48.9s
[train INFO]   >> val_loss=0.1672  val_error=0.0756
[train INFO]   Checkpoint saved: ./output/04-10_15-49_grasp_dataset_0408_CE_th0.002_a0.5_0.5/epoch_022.pt
[train INFO]   [epoch 23 step 57600] loss=0.1450batch_acc=0.953  lr=0.000324
[train INFO]   [epoch 23 step 59200] loss=0.1290batch_acc=0.891  lr=0.000324
[train INFO] Epoch 23/40  train_loss=0.1288  train_error=0.0625  time=48.9s
[train INFO]   >> val_loss=0.1495  val_error=0.0650
[train INFO]   Checkpoint saved: ./output/04-10_15-49_grasp_dataset_0408_CE_th0.002_a0.5_0.5/epoch_023.pt
[train INFO]   [epoch 24 step 60800] loss=0.1187batch_acc=0.953  lr=0.000307
[train INFO] Epoch 24/40  train_loss=0.1250  train_error=0.0604  time=50.2s
[train INFO]   >> val_loss=0.1382  val_error=0.0570
[train INFO]   Checkpoint saved: ./output/04-10_15-49_grasp_dataset_0408_CE_th0.002_a0.5_0.5/epoch_024.pt
[train INFO]   [epoch 25 step 62400] loss=0.0836batch_acc=0.922  lr=0.000292
[train INFO]   [epoch 25 step 64000] loss=0.2792batch_acc=0.891  lr=0.000292
[train INFO] Epoch 25/40  train_loss=0.1223  train_error=0.0591  time=50.0s
[train INFO]   >> val_loss=0.1752  val_error=0.0753
[train INFO]   Checkpoint saved: ./output/04-10_15-49_grasp_dataset_0408_CE_th0.002_a0.5_0.5/epoch_025.pt
[train INFO]   [epoch 26 step 65600] loss=0.0749batch_acc=0.969  lr=0.000277
[train INFO] Epoch 26/40  train_loss=0.1198  train_error=0.0577  time=50.3s
[train INFO]   >> val_loss=0.1521  val_error=0.0678
[train INFO]   Checkpoint saved: ./output/04-10_15-49_grasp_dataset_0408_CE_th0.002_a0.5_0.5/epoch_026.pt
[train INFO]   [epoch 27 step 67200] loss=0.1320batch_acc=0.938  lr=0.000264
[train INFO]   [epoch 27 step 68800] loss=0.1439batch_acc=0.875  lr=0.000264
[train INFO] Epoch 27/40  train_loss=0.1170  train_error=0.0565  time=49.7s
[train INFO]   >> val_loss=0.1484  val_error=0.0648
[train INFO]   Checkpoint saved: ./output/04-10_15-49_grasp_dataset_0408_CE_th0.002_a0.5_0.5/epoch_027.pt
[train INFO]   [epoch 28 step 70400] loss=0.1695batch_acc=0.938  lr=0.000250
[train INFO]   [epoch 28 step 72000] loss=0.0717batch_acc=0.984  lr=0.000250
[train INFO] Epoch 28/40  train_loss=0.1146  train_error=0.0550  time=50.4s
[train INFO]   >> val_loss=0.1601  val_error=0.0671
[train INFO]   Checkpoint saved: ./output/04-10_15-49_grasp_dataset_0408_CE_th0.002_a0.5_0.5/epoch_028.pt
[train INFO]   [epoch 29 step 73600] loss=0.1592batch_acc=0.906  lr=0.000238
[train INFO] Epoch 29/40  train_loss=0.1129  train_error=0.0541  time=49.5s
[train INFO]   >> val_loss=0.1481  val_error=0.0679
[train INFO]   Checkpoint saved: ./output/04-10_15-49_grasp_dataset_0408_CE_th0.002_a0.5_0.5/epoch_029.pt
[train INFO]   [epoch 30 step 75200] loss=0.1005batch_acc=0.969  lr=0.000226
[train INFO]   [epoch 30 step 76800] loss=0.0547batch_acc=0.969  lr=0.000226
[train INFO] Epoch 30/40  train_loss=0.1105  train_error=0.0530  time=49.8s
[train INFO]   >> val_loss=0.1381  val_error=0.0580
[train INFO]   Checkpoint saved: ./output/04-10_15-49_grasp_dataset_0408_CE_th0.002_a0.5_0.5/epoch_030.pt
[train INFO]   [epoch 31 step 78400] loss=0.0565batch_acc=0.984  lr=0.000215
[train INFO] Epoch 31/40  train_loss=0.1088  train_error=0.0519  time=49.9s
[train INFO]   >> val_loss=0.1297  val_error=0.0559
[train INFO]   Checkpoint saved: ./output/04-10_15-49_grasp_dataset_0408_CE_th0.002_a0.5_0.5/epoch_031.pt
[train INFO]   [epoch 32 step 80000] loss=0.0975batch_acc=0.922  lr=0.000204
[train INFO]   [epoch 32 step 81600] loss=0.1376batch_acc=0.969  lr=0.000204
[train INFO] Epoch 32/40  train_loss=0.1066  train_error=0.0510  time=54.5s
[train INFO]   >> val_loss=0.1761  val_error=0.0829
[train INFO]   Checkpoint saved: ./output/04-10_15-49_grasp_dataset_0408_CE_th0.002_a0.5_0.5/epoch_032.pt
[train INFO]   [epoch 33 step 83200] loss=0.1541batch_acc=0.953  lr=0.000194
[train INFO]   [epoch 33 step 84800] loss=0.1194batch_acc=0.922  lr=0.000194
[train INFO] Epoch 33/40  train_loss=0.1049  train_error=0.0500  time=50.6s
[train INFO]   >> val_loss=0.1574  val_error=0.0717
[train INFO]   Checkpoint saved: ./output/04-10_15-49_grasp_dataset_0408_CE_th0.002_a0.5_0.5/epoch_033.pt
[train INFO]   [epoch 34 step 86400] loss=0.0512batch_acc=0.969  lr=0.000184
[train INFO] Epoch 34/40  train_loss=0.1038  train_error=0.0496  time=50.3s
[train INFO]   >> val_loss=0.1283  val_error=0.0519
[train INFO]   Checkpoint saved: ./output/04-10_15-49_grasp_dataset_0408_CE_th0.002_a0.5_0.5/epoch_034.pt
[train INFO]   [epoch 35 step 88000] loss=0.0566batch_acc=1.000  lr=0.000175
[train INFO]   [epoch 35 step 89600] loss=0.0867batch_acc=0.969  lr=0.000175
[train INFO] Epoch 35/40  train_loss=0.1017  train_error=0.0486  time=50.3s
[train INFO]   >> val_loss=0.1472  val_error=0.0647
[train INFO]   Checkpoint saved: ./output/04-10_15-49_grasp_dataset_0408_CE_th0.002_a0.5_0.5/epoch_035.pt
[train INFO]   [epoch 36 step 91200] loss=0.0892batch_acc=0.969  lr=0.000166
[train INFO] Epoch 36/40  train_loss=0.1002  train_error=0.0474  time=50.4s
[train INFO]   >> val_loss=0.1439  val_error=0.0646
[train INFO]   Checkpoint saved: ./output/04-10_15-49_grasp_dataset_0408_CE_th0.002_a0.5_0.5/epoch_036.pt
[train INFO]   [epoch 37 step 92800] loss=0.1392batch_acc=0.969  lr=0.000158
[train INFO]   [epoch 37 step 94400] loss=0.1118batch_acc=0.953  lr=0.000158
[train INFO] Epoch 37/40  train_loss=0.0990  train_error=0.0472  time=49.9s
[train INFO]   >> val_loss=0.1554  val_error=0.0710
[train INFO]   Checkpoint saved: ./output/04-10_15-49_grasp_dataset_0408_CE_th0.002_a0.5_0.5/epoch_037.pt
[train INFO]   [epoch 38 step 96000] loss=0.1060batch_acc=0.953  lr=0.000150
[train INFO]   [epoch 38 step 97600] loss=0.1070batch_acc=0.906  lr=0.000150
[train INFO] Epoch 38/40  train_loss=0.0976  train_error=0.0460  time=50.6s
[train INFO]   >> val_loss=0.1387  val_error=0.0575
[train INFO]   Checkpoint saved: ./output/04-10_15-49_grasp_dataset_0408_CE_th0.002_a0.5_0.5/epoch_038.pt
[train INFO]   [epoch 39 step 99200] loss=0.1480batch_acc=0.953  lr=0.000142
[train INFO] Epoch 39/40  train_loss=0.0964  train_error=0.0456  time=49.4s
[train INFO]   >> val_loss=0.1247  val_error=0.0521
[train INFO]   Checkpoint saved: ./output/04-10_15-49_grasp_dataset_0408_CE_th0.002_a0.5_0.5/epoch_039.pt
[train INFO]   [epoch 40 step 100800] loss=0.0459batch_acc=0.984  lr=0.000135
[train INFO]   [epoch 40 step 102400] loss=0.0411batch_acc=1.000  lr=0.000135
[train INFO] Epoch 40/40  train_loss=0.0950  train_error=0.0447  time=50.0s
[train INFO]   >> val_loss=0.1131  val_error=0.0446
[train INFO]   >> New best model saved (val_error=0.0446)
[train INFO]   Checkpoint saved: ./output/04-10_15-49_grasp_dataset_0408_CE_th0.002_a0.5_0.5/epoch_040.pt
[train INFO] ============================================================
[train INFO] Training complete. Best val_error=0.0446
[train INFO] Model saved to ./output/04-10_15-49_grasp_dataset_0408_CE_th0.002_a0.5_0.5/
[train INFO] ============================================================
